<?xml version="1.0" encoding="UTF-8"?>
<testsuites name="Max (Reevio) 2" time="398.193" tests="11" failures="6" errors="0">
   <testsuite name="Max (Reevio) 2" tests="11" failures="6" errors="0" time="398.193" timestamp="2020-02-07 12:23:54" hostname="tester-3 - DESKTOP-J4SE4C2" id="Test Suites/Reevio (reevtest_reevtest3)/Max (Reevio) 2">
      <properties>
         <property name="deviceName" value=""/>
         <property name="devicePlatform" value=""/>
         <property name="logFolder" value="C:\\Users\\tester-3\\Katalon Studio\\Reevio_test_2.0\\Reports\\20200207_122344\\Reevio (reevtest_reevtest3)\\Max (Reevio) 2\\20200207_122346"/>
         <property name="logFiles" value="C:\\Users\\tester-3\\Katalon Studio\\Reevio_test_2.0\\Reports\\20200207_122344\\Reevio (reevtest_reevtest3)\\Max (Reevio) 2\\20200207_122346\\execution0.log"/>
         <property name="attachments" value=""/>
         <property name="hostName" value="tester-3 - DESKTOP-J4SE4C2"/>
         <property name="os" value="Windows 10 64bit"/>
         <property name="katalonVersion" value="7.2.1.1"/>
         <property name="browser" value="Chrome 80.0.3987.87"/>
         <property name="hostAddress" value="192.168.1.111"/>
         <property name="sessionId" value="bbf6aef9af687f1f0d8398ad8247ced3"/>
         <property name="seleniumVersion" value="3.141.59"/>
         <property name="proxyInformation" value="ProxyInformation{proxyOption=NO_PROXY, proxyServerType=HTTP, password=, proxyServerAddress=, proxyServerPort=0, executionList=}"/>
         <property name="platform" value="Windows 10"/>
      </properties>
      <testcase name="Test Cases/Login and template selection (Reevio) reev" time="27.29" classname="Test Cases/Login and template selection (Reevio) reev" status="PASSED">
         <system-out><![CDATA[2020-02-07 12:23:55 - [TEST_CASE][PASSED] - Test Cases/Login and template selection (Reevio) reev: Test Cases/Login and template selection (Reevio) reev

2020-02-07 12:23:56 - [TEST_STEP][PASSED] - openBrowser(findTestData("vavowDate").getValue(1, 4)): Browser is opened with url: 'https://app3.reevio.com/editor/10011'

2020-02-07 12:23:59 - [MESSAGE][INFO] - Starting 'Chrome' driver

2020-02-07 12:23:59 - [MESSAGE][INFO] - Action delay is set to 0 seconds

2020-02-07 12:24:04 - [MESSAGE][PASSED] - Browser is opened with url: 'https://app3.reevio.com/editor/10011'

2020-02-07 12:24:04 - [TEST_STEP][PASSED] - maximizeWindow(): Current window maximized

2020-02-07 12:24:06 - [MESSAGE][PASSED] - Current window maximized

2020-02-07 12:24:06 - [TEST_STEP][PASSED] - waitForPageLoad(5): Wait for page load successfully

2020-02-07 12:24:06 - [MESSAGE][PASSED] - Wait for page load successfully

2020-02-07 12:24:06 - [TEST_STEP][PASSED] - click(findTestObject("Page_Login/form_Log in")): Object: 'Object Repository/Page_Login/form_Log in' is clicked on

2020-02-07 12:24:07 - [MESSAGE][PASSED] - Object: 'Object Repository/Page_Login/form_Log in' is clicked on

2020-02-07 12:24:07 - [TEST_STEP][PASSED] - setEncryptedText(findTestObject("Page_Login/input_Log in_password"), "NQEmfzfnB2k="): Text ****** has been set on object 'Object Repository/Page_Login/input_Log in_password'

2020-02-07 12:24:08 - [MESSAGE][PASSED] - Text ****** has been set on object 'Object Repository/Page_Login/input_Log in_password'

2020-02-07 12:24:08 - [TEST_STEP][PASSED] - setText(findTestObject("Page_Login/input_Log in_email"), "reevtest@gmail.com"): Text 'reevtest@gmail.com' is set on object 'Object Repository/Page_Login/input_Log in_email'

2020-02-07 12:24:09 - [MESSAGE][PASSED] - Text 'reevtest@gmail.com' is set on object 'Object Repository/Page_Login/input_Log in_email'

2020-02-07 12:24:09 - [TEST_STEP][PASSED] - click(findTestObject("Page_Login/button_Log in")): Object: 'Object Repository/Page_Login/button_Log in' is clicked on

2020-02-07 12:24:14 - [MESSAGE][PASSED] - Object: 'Object Repository/Page_Login/button_Log in' is clicked on

2020-02-07 12:24:14 - [TEST_STEP][PASSED] - navigateToUrl(findTestData("vavowDate").getValue(1, 4)): Navigate to 'https://app3.reevio.com/editor/10011' successfully

2020-02-07 12:24:23 - [MESSAGE][PASSED] - Navigate to 'https://app3.reevio.com/editor/10011' successfully

2020-02-07 12:24:23 - [TEST_STEP][PASSED] - waitForPageLoad(1): Wait for page load successfully

2020-02-07 12:24:23 - [MESSAGE][PASSED] - Wait for page load successfully]]></system-out>
         <system-err><![CDATA[]]></system-err>
      </testcase>
      <testcase name="Test Cases/Deleting 1st scene" time="8.347" classname="Test Cases/Deleting 1st scene" status="FAILED">
         <failure type="FAILED" message="Test Cases/Deleting 1st scene FAILED.
Reason:
com.kms.katalon.core.exception.StepFailedException: com.kms.katalon.core.webui.exception.WebElementNotFoundException: Web element with id: 'Object Repository/Add video in placeholers/Video_img repository (videos, imgs and buttons)/Editor_Scene_1' located by 'By.xpath: //*[@id=&quot;bottom-slider-id&quot;]/div[1]/figure' not found (Root cause: com.kms.katalon.core.exception.StepFailedException: com.kms.katalon.core.webui.exception.WebElementNotFoundException: Web element with id: 'Object Repository/Add video in placeholers/Video_img repository (videos, imgs and buttons)/Editor_Scene_1' located by 'By.xpath: //*[@id=&quot;bottom-slider-id&quot;]/div[1]/figure' not found
	at com.kms.katalon.core.webui.keyword.internal.WebUIKeywordMain.stepFailed(WebUIKeywordMain.groovy:64)
	at com.kms.katalon.core.webui.keyword.builtin.VerifyElementPresentKeyword$_verifyElementPresent_closure1.doCall(VerifyElementPresentKeyword.groovy:85)
	at com.kms.katalon.core.webui.keyword.builtin.VerifyElementPresentKeyword$_verifyElementPresent_closure1.call(VerifyElementPresentKeyword.groovy)
	at com.kms.katalon.core.webui.keyword.internal.WebUIKeywordMain.runKeyword(WebUIKeywordMain.groovy:20)
	at com.kms.katalon.core.webui.keyword.builtin.VerifyElementPresentKeyword.verifyElementPresent(VerifyElementPresentKeyword.groovy:92)
	at com.kms.katalon.core.webui.keyword.builtin.VerifyElementPresentKeyword.execute(VerifyElementPresentKeyword.groovy:68)
	at com.kms.katalon.core.keyword.internal.KeywordExecutor.executeKeywordForPlatform(KeywordExecutor.groovy:72)
	at com.kms.katalon.core.webui.keyword.WebUiBuiltInKeywords.verifyElementPresent(WebUiBuiltInKeywords.groovy:1434)
	at com.kms.katalon.core.webui.keyword.WebUiBuiltInKeywords$verifyElementPresent$6.call(Unknown Source)
	at Deleting 1st scene.run(Deleting 1st scene:32)
	at com.kms.katalon.core.main.ScriptEngine.run(ScriptEngine.java:194)
	at com.kms.katalon.core.main.ScriptEngine.runScriptAsRawText(ScriptEngine.java:119)
	at com.kms.katalon.core.main.TestCaseExecutor.runScript(TestCaseExecutor.java:337)
	at com.kms.katalon.core.main.TestCaseExecutor.doExecute(TestCaseExecutor.java:328)
	at com.kms.katalon.core.main.TestCaseExecutor.processExecutionPhase(TestCaseExecutor.java:307)
	at com.kms.katalon.core.main.TestCaseExecutor.accessMainPhase(TestCaseExecutor.java:299)
	at com.kms.katalon.core.main.TestCaseExecutor.execute(TestCaseExecutor.java:233)
	at com.kms.katalon.core.main.TestSuiteExecutor.accessTestCaseMainPhase(TestSuiteExecutor.java:169)
	at com.kms.katalon.core.main.TestSuiteExecutor.accessTestSuiteMainPhase(TestSuiteExecutor.java:142)
	at com.kms.katalon.core.main.TestSuiteExecutor.execute(TestSuiteExecutor.java:91)
	at com.kms.katalon.core.main.TestCaseMain.startTestSuite(TestCaseMain.java:157)
	at com.kms.katalon.core.main.TestCaseMain$startTestSuite$0.call(Unknown Source)
	at TempTestSuite1581071026566.run(TempTestSuite1581071026566.groovy:36)
)
	at com.kms.katalon.core.keyword.internal.KeywordMain.stepFailed(KeywordMain.groovy:39)
	at com.kms.katalon.core.webui.keyword.internal.WebUIKeywordMain.stepFailed(WebUIKeywordMain.groovy:64)
	at com.kms.katalon.core.webui.keyword.builtin.VerifyElementPresentKeyword$_verifyElementPresent_closure1.doCall(VerifyElementPresentKeyword.groovy:85)
	at com.kms.katalon.core.webui.keyword.builtin.VerifyElementPresentKeyword$_verifyElementPresent_closure1.call(VerifyElementPresentKeyword.groovy)
	at com.kms.katalon.core.webui.keyword.internal.WebUIKeywordMain.runKeyword(WebUIKeywordMain.groovy:20)
	at com.kms.katalon.core.webui.keyword.builtin.VerifyElementPresentKeyword.verifyElementPresent(VerifyElementPresentKeyword.groovy:92)
	at com.kms.katalon.core.webui.keyword.builtin.VerifyElementPresentKeyword.execute(VerifyElementPresentKeyword.groovy:68)
	at com.kms.katalon.core.keyword.internal.KeywordExecutor.executeKeywordForPlatform(KeywordExecutor.groovy:72)
	at com.kms.katalon.core.webui.keyword.WebUiBuiltInKeywords.verifyElementPresent(WebUiBuiltInKeywords.groovy:1434)
	at com.kms.katalon.core.webui.keyword.WebUiBuiltInKeywords$verifyElementPresent$6.call(Unknown Source)
	at Deleting 1st scene.run(Deleting 1st scene:32)
	at com.kms.katalon.core.main.ScriptEngine.run(ScriptEngine.java:194)
	at com.kms.katalon.core.main.ScriptEngine.runScriptAsRawText(ScriptEngine.java:119)
	at com.kms.katalon.core.main.TestCaseExecutor.runScript(TestCaseExecutor.java:337)
	at com.kms.katalon.core.main.TestCaseExecutor.doExecute(TestCaseExecutor.java:328)
	at com.kms.katalon.core.main.TestCaseExecutor.processExecutionPhase(TestCaseExecutor.java:307)
	at com.kms.katalon.core.main.TestCaseExecutor.accessMainPhase(TestCaseExecutor.java:299)
	at com.kms.katalon.core.main.TestCaseExecutor.execute(TestCaseExecutor.java:233)
	at com.kms.katalon.core.main.TestSuiteExecutor.accessTestCaseMainPhase(TestSuiteExecutor.java:169)
	at com.kms.katalon.core.main.TestSuiteExecutor.accessTestSuiteMainPhase(TestSuiteExecutor.java:142)
	at com.kms.katalon.core.main.TestSuiteExecutor.execute(TestSuiteExecutor.java:91)
	at com.kms.katalon.core.main.TestCaseMain.startTestSuite(TestCaseMain.java:157)
	at com.kms.katalon.core.main.TestCaseMain$startTestSuite$0.call(Unknown Source)
	at TempTestSuite1581071026566.run(TempTestSuite1581071026566.groovy:36)
Caused by: com.kms.katalon.core.exception.StepFailedException: com.kms.katalon.core.webui.exception.WebElementNotFoundException: Web element with id: 'Object Repository/Add video in placeholers/Video_img repository (videos, imgs and buttons)/Editor_Scene_1' located by 'By.xpath: //*[@id=&quot;bottom-slider-id&quot;]/div[1]/figure' not found
	... 23 more
"/>
         <system-out><![CDATA[2020-02-07 12:24:23 - [TEST_CASE][FAILED] - Test Cases/Deleting 1st scene: Test Cases/Deleting 1st scene FAILED.
Reason:
com.kms.katalon.core.exception.StepFailedException: com.kms.katalon.core.webui.exception.WebElementNotFoundException: Web element with id: 'Object Repository/Add video in placeholers/Video_img repository (videos, imgs and buttons)/Editor_Scene_1' located by 'By.xpath: //*[@id="bottom-slider-id"]/div[1]/figure' not found (Root cause: com.kms.katalon.core.exception.StepFailedException: com.kms.katalon.core.webui.exception.WebElementNotFoundException: Web element with id: 'Object Repository/Add video in placeholers/Video_img repository (videos, imgs and buttons)/Editor_Scene_1' located by 'By.xpath: //*[@id="bottom-slider-id"]/div[1]/figure' not found
	at com.kms.katalon.core.webui.keyword.internal.WebUIKeywordMain.stepFailed(WebUIKeywordMain.groovy:64)
	at com.kms.katalon.core.webui.keyword.builtin.VerifyElementPresentKeyword$_verifyElementPresent_closure1.doCall(VerifyElementPresentKeyword.groovy:85)
	at com.kms.katalon.core.webui.keyword.builtin.VerifyElementPresentKeyword$_verifyElementPresent_closure1.call(VerifyElementPresentKeyword.groovy)
	at com.kms.katalon.core.webui.keyword.internal.WebUIKeywordMain.runKeyword(WebUIKeywordMain.groovy:20)
	at com.kms.katalon.core.webui.keyword.builtin.VerifyElementPresentKeyword.verifyElementPresent(VerifyElementPresentKeyword.groovy:92)
	at com.kms.katalon.core.webui.keyword.builtin.VerifyElementPresentKeyword.execute(VerifyElementPresentKeyword.groovy:68)
	at com.kms.katalon.core.keyword.internal.KeywordExecutor.executeKeywordForPlatform(KeywordExecutor.groovy:72)
	at com.kms.katalon.core.webui.keyword.WebUiBuiltInKeywords.verifyElementPresent(WebUiBuiltInKeywords.groovy:1434)
	at com.kms.katalon.core.webui.keyword.WebUiBuiltInKeywords$verifyElementPresent$6.call(Unknown Source)
	at Deleting 1st scene.run(Deleting 1st scene:32)
	at com.kms.katalon.core.main.ScriptEngine.run(ScriptEngine.java:194)
	at com.kms.katalon.core.main.ScriptEngine.runScriptAsRawText(ScriptEngine.java:119)
	at com.kms.katalon.core.main.TestCaseExecutor.runScript(TestCaseExecutor.java:337)
	at com.kms.katalon.core.main.TestCaseExecutor.doExecute(TestCaseExecutor.java:328)
	at com.kms.katalon.core.main.TestCaseExecutor.processExecutionPhase(TestCaseExecutor.java:307)
	at com.kms.katalon.core.main.TestCaseExecutor.accessMainPhase(TestCaseExecutor.java:299)
	at com.kms.katalon.core.main.TestCaseExecutor.execute(TestCaseExecutor.java:233)
	at com.kms.katalon.core.main.TestSuiteExecutor.accessTestCaseMainPhase(TestSuiteExecutor.java:169)
	at com.kms.katalon.core.main.TestSuiteExecutor.accessTestSuiteMainPhase(TestSuiteExecutor.java:142)
	at com.kms.katalon.core.main.TestSuiteExecutor.execute(TestSuiteExecutor.java:91)
	at com.kms.katalon.core.main.TestCaseMain.startTestSuite(TestCaseMain.java:157)
	at com.kms.katalon.core.main.TestCaseMain$startTestSuite$0.call(Unknown Source)
	at TempTestSuite1581071026566.run(TempTestSuite1581071026566.groovy:36)
)
	at com.kms.katalon.core.keyword.internal.KeywordMain.stepFailed(KeywordMain.groovy:39)
	at com.kms.katalon.core.webui.keyword.internal.WebUIKeywordMain.stepFailed(WebUIKeywordMain.groovy:64)
	at com.kms.katalon.core.webui.keyword.builtin.VerifyElementPresentKeyword$_verifyElementPresent_closure1.doCall(VerifyElementPresentKeyword.groovy:85)
	at com.kms.katalon.core.webui.keyword.builtin.VerifyElementPresentKeyword$_verifyElementPresent_closure1.call(VerifyElementPresentKeyword.groovy)
	at com.kms.katalon.core.webui.keyword.internal.WebUIKeywordMain.runKeyword(WebUIKeywordMain.groovy:20)
	at com.kms.katalon.core.webui.keyword.builtin.VerifyElementPresentKeyword.verifyElementPresent(VerifyElementPresentKeyword.groovy:92)
	at com.kms.katalon.core.webui.keyword.builtin.VerifyElementPresentKeyword.execute(VerifyElementPresentKeyword.groovy:68)
	at com.kms.katalon.core.keyword.internal.KeywordExecutor.executeKeywordForPlatform(KeywordExecutor.groovy:72)
	at com.kms.katalon.core.webui.keyword.WebUiBuiltInKeywords.verifyElementPresent(WebUiBuiltInKeywords.groovy:1434)
	at com.kms.katalon.core.webui.keyword.WebUiBuiltInKeywords$verifyElementPresent$6.call(Unknown Source)
	at Deleting 1st scene.run(Deleting 1st scene:32)
	at com.kms.katalon.core.main.ScriptEngine.run(ScriptEngine.java:194)
	at com.kms.katalon.core.main.ScriptEngine.runScriptAsRawText(ScriptEngine.java:119)
	at com.kms.katalon.core.main.TestCaseExecutor.runScript(TestCaseExecutor.java:337)
	at com.kms.katalon.core.main.TestCaseExecutor.doExecute(TestCaseExecutor.java:328)
	at com.kms.katalon.core.main.TestCaseExecutor.processExecutionPhase(TestCaseExecutor.java:307)
	at com.kms.katalon.core.main.TestCaseExecutor.accessMainPhase(TestCaseExecutor.java:299)
	at com.kms.katalon.core.main.TestCaseExecutor.execute(TestCaseExecutor.java:233)
	at com.kms.katalon.core.main.TestSuiteExecutor.accessTestCaseMainPhase(TestSuiteExecutor.java:169)
	at com.kms.katalon.core.main.TestSuiteExecutor.accessTestSuiteMainPhase(TestSuiteExecutor.java:142)
	at com.kms.katalon.core.main.TestSuiteExecutor.execute(TestSuiteExecutor.java:91)
	at com.kms.katalon.core.main.TestCaseMain.startTestSuite(TestCaseMain.java:157)
	at com.kms.katalon.core.main.TestCaseMain$startTestSuite$0.call(Unknown Source)
	at TempTestSuite1581071026566.run(TempTestSuite1581071026566.groovy:36)
Caused by: com.kms.katalon.core.exception.StepFailedException: com.kms.katalon.core.webui.exception.WebElementNotFoundException: Web element with id: 'Object Repository/Add video in placeholers/Video_img repository (videos, imgs and buttons)/Editor_Scene_1' located by 'By.xpath: //*[@id="bottom-slider-id"]/div[1]/figure' not found
	... 23 more


2020-02-07 12:24:24 - [TEST_STEP][PASSED] - myNewObject = new com.kms.katalon.core.testobject.TestObject(default Scene): null

2020-02-07 12:24:24 - [TEST_STEP][PASSED] - myNewObject.addProperty("xpath", EQUALS, "//*[@id="s-tools"]"): null

2020-02-07 12:24:24 - [TEST_STEP][PASSED] - removeBtn = new com.kms.katalon.core.testobject.TestObject(removeBtn): null

2020-02-07 12:24:24 - [TEST_STEP][PASSED] - removeBtn.addProperty("xpath", EQUALS, "//div[@class="popover-content"]//a[@class="delete_slide"]"): null

2020-02-07 12:24:24 - [TEST_STEP][PASSED] - deleteBtn = new com.kms.katalon.core.testobject.TestObject(deleteBtn): null

2020-02-07 12:24:24 - [TEST_STEP][PASSED] - deleteBtn.addProperty("xpath", EQUALS, "//a[@id="yes_delete"]"): null

2020-02-07 12:24:24 - [TEST_STEP][FAILED] - for ([i = 1, i < 20, (i++)]): null

2020-02-07 12:24:24 - [TEST_STEP][PASSED] - if (verifyElementPresent(findTestObject("Add video in placeholers/Video_img repository (videos, imgs and buttons)/Editor_Scene_1"), 0) == true): null

2020-02-07 12:24:24 - [MESSAGE][WARNING] - Timeout '0' is invalid. Using default page load timeout: '1'

2020-02-07 12:24:25 - [MESSAGE][PASSED] - Object 'Object Repository/Add video in placeholers/Video_img repository (videos, imgs and buttons)/Editor_Scene_1' is present

2020-02-07 12:24:25 - [TEST_STEP][PASSED] - doubleClick(findTestObject("Add video in placeholers/Video_img repository (videos, imgs and buttons)/Editor_Scene_1")): Object: 'Object Repository/Add video in placeholers/Video_img repository (videos, imgs and buttons)/Editor_Scene_1' is double clicked on

2020-02-07 12:24:26 - [MESSAGE][PASSED] - Object: 'Object Repository/Add video in placeholers/Video_img repository (videos, imgs and buttons)/Editor_Scene_1' is double clicked on

2020-02-07 12:24:26 - [TEST_STEP][PASSED] - click(myNewObject): Object: 'default Scene' is clicked on

2020-02-07 12:24:26 - [MESSAGE][PASSED] - Object: 'default Scene' is clicked on

2020-02-07 12:24:26 - [TEST_STEP][PASSED] - Thread.sleep(200): null

2020-02-07 12:24:27 - [TEST_STEP][PASSED] - click(removeBtn): Object: 'removeBtn' is clicked on

2020-02-07 12:24:28 - [MESSAGE][PASSED] - Object: 'removeBtn' is clicked on

2020-02-07 12:24:28 - [TEST_STEP][PASSED] - Thread.sleep(1200): null

2020-02-07 12:24:29 - [TEST_STEP][PASSED] - click(deleteBtn): Object: 'deleteBtn' is clicked on

2020-02-07 12:24:29 - [MESSAGE][PASSED] - Object: 'deleteBtn' is clicked on

2020-02-07 12:24:29 - [TEST_STEP][FAILED] - if (verifyElementPresent(findTestObject("Add video in placeholers/Video_img repository (videos, imgs and buttons)/Editor_Scene_1"), 0) == true): com.kms.katalon.core.webui.exception.WebElementNotFoundException: Web element with id: 'Object Repository/Add video in placeholers/Video_img repository (videos, imgs and buttons)/Editor_Scene_1' located by 'By.xpath: //*[@id="bottom-slider-id"]/div[1]/figure' not found (Root cause: com.kms.katalon.core.exception.StepFailedException: com.kms.katalon.core.webui.exception.WebElementNotFoundException: Web element with id: 'Object Repository/Add video in placeholers/Video_img repository (videos, imgs and buttons)/Editor_Scene_1' located by 'By.xpath: //*[@id="bottom-slider-id"]/div[1]/figure' not found
	at com.kms.katalon.core.webui.keyword.internal.WebUIKeywordMain.stepFailed(WebUIKeywordMain.groovy:64)
	at com.kms.katalon.core.webui.keyword.builtin.VerifyElementPresentKeyword$_verifyElementPresent_closure1.doCall(VerifyElementPresentKeyword.groovy:85)
	at com.kms.katalon.core.webui.keyword.builtin.VerifyElementPresentKeyword$_verifyElementPresent_closure1.call(VerifyElementPresentKeyword.groovy)
	at com.kms.katalon.core.webui.keyword.internal.WebUIKeywordMain.runKeyword(WebUIKeywordMain.groovy:20)
	at com.kms.katalon.core.webui.keyword.builtin.VerifyElementPresentKeyword.verifyElementPresent(VerifyElementPresentKeyword.groovy:92)
	at com.kms.katalon.core.webui.keyword.builtin.VerifyElementPresentKeyword.execute(VerifyElementPresentKeyword.groovy:68)
	at com.kms.katalon.core.keyword.internal.KeywordExecutor.executeKeywordForPlatform(KeywordExecutor.groovy:72)
	at com.kms.katalon.core.webui.keyword.WebUiBuiltInKeywords.verifyElementPresent(WebUiBuiltInKeywords.groovy:1434)
	at com.kms.katalon.core.webui.keyword.WebUiBuiltInKeywords$verifyElementPresent$6.call(Unknown Source)
	at Deleting 1st scene.run(Deleting 1st scene:32)
	at com.kms.katalon.core.main.ScriptEngine.run(ScriptEngine.java:194)
	at com.kms.katalon.core.main.ScriptEngine.runScriptAsRawText(ScriptEngine.java:119)
	at com.kms.katalon.core.main.TestCaseExecutor.runScript(TestCaseExecutor.java:337)
	at com.kms.katalon.core.main.TestCaseExecutor.doExecute(TestCaseExecutor.java:328)
	at com.kms.katalon.core.main.TestCaseExecutor.processExecutionPhase(TestCaseExecutor.java:307)
	at com.kms.katalon.core.main.TestCaseExecutor.accessMainPhase(TestCaseExecutor.java:299)
	at com.kms.katalon.core.main.TestCaseExecutor.execute(TestCaseExecutor.java:233)
	at com.kms.katalon.core.main.TestSuiteExecutor.accessTestCaseMainPhase(TestSuiteExecutor.java:169)
	at com.kms.katalon.core.main.TestSuiteExecutor.accessTestSuiteMainPhase(TestSuiteExecutor.java:142)
	at com.kms.katalon.core.main.TestSuiteExecutor.execute(TestSuiteExecutor.java:91)
	at com.kms.katalon.core.main.TestCaseMain.startTestSuite(TestCaseMain.java:157)
	at com.kms.katalon.core.main.TestCaseMain$startTestSuite$0.call(Unknown Source)
	at TempTestSuite1581071026566.run(TempTestSuite1581071026566.groovy:36)
)

2020-02-07 12:24:29 - [MESSAGE][WARNING] - Timeout '0' is invalid. Using default page load timeout: '1'

2020-02-07 12:24:31 - [MESSAGE][INFO] - Unable to find the element located by 'By.xpath: //*[@id="bottom-slider-id"]/div[1]/figure'. Please recheck the objects properties to make sure the desired element is located. 

2020-02-07 12:24:31 - [MESSAGE][FAILED] - com.kms.katalon.core.webui.exception.WebElementNotFoundException: Web element with id: 'Object Repository/Add video in placeholers/Video_img repository (videos, imgs and buttons)/Editor_Scene_1' located by 'By.xpath: //*[@id="bottom-slider-id"]/div[1]/figure' not found (Root cause: com.kms.katalon.core.exception.StepFailedException: com.kms.katalon.core.webui.exception.WebElementNotFoundException: Web element with id: 'Object Repository/Add video in placeholers/Video_img repository (videos, imgs and buttons)/Editor_Scene_1' located by 'By.xpath: //*[@id="bottom-slider-id"]/div[1]/figure' not found
	at com.kms.katalon.core.webui.keyword.internal.WebUIKeywordMain.stepFailed(WebUIKeywordMain.groovy:64)
	at com.kms.katalon.core.webui.keyword.builtin.VerifyElementPresentKeyword$_verifyElementPresent_closure1.doCall(VerifyElementPresentKeyword.groovy:85)
	at com.kms.katalon.core.webui.keyword.builtin.VerifyElementPresentKeyword$_verifyElementPresent_closure1.call(VerifyElementPresentKeyword.groovy)
	at com.kms.katalon.core.webui.keyword.internal.WebUIKeywordMain.runKeyword(WebUIKeywordMain.groovy:20)
	at com.kms.katalon.core.webui.keyword.builtin.VerifyElementPresentKeyword.verifyElementPresent(VerifyElementPresentKeyword.groovy:92)
	at com.kms.katalon.core.webui.keyword.builtin.VerifyElementPresentKeyword.execute(VerifyElementPresentKeyword.groovy:68)
	at com.kms.katalon.core.keyword.internal.KeywordExecutor.executeKeywordForPlatform(KeywordExecutor.groovy:72)
	at com.kms.katalon.core.webui.keyword.WebUiBuiltInKeywords.verifyElementPresent(WebUiBuiltInKeywords.groovy:1434)
	at com.kms.katalon.core.webui.keyword.WebUiBuiltInKeywords$verifyElementPresent$6.call(Unknown Source)
	at Deleting 1st scene.run(Deleting 1st scene:32)
	at com.kms.katalon.core.main.ScriptEngine.run(ScriptEngine.java:194)
	at com.kms.katalon.core.main.ScriptEngine.runScriptAsRawText(ScriptEngine.java:119)
	at com.kms.katalon.core.main.TestCaseExecutor.runScript(TestCaseExecutor.java:337)
	at com.kms.katalon.core.main.TestCaseExecutor.doExecute(TestCaseExecutor.java:328)
	at com.kms.katalon.core.main.TestCaseExecutor.processExecutionPhase(TestCaseExecutor.java:307)
	at com.kms.katalon.core.main.TestCaseExecutor.accessMainPhase(TestCaseExecutor.java:299)
	at com.kms.katalon.core.main.TestCaseExecutor.execute(TestCaseExecutor.java:233)
	at com.kms.katalon.core.main.TestSuiteExecutor.accessTestCaseMainPhase(TestSuiteExecutor.java:169)
	at com.kms.katalon.core.main.TestSuiteExecutor.accessTestSuiteMainPhase(TestSuiteExecutor.java:142)
	at com.kms.katalon.core.main.TestSuiteExecutor.execute(TestSuiteExecutor.java:91)
	at com.kms.katalon.core.main.TestCaseMain.startTestSuite(TestCaseMain.java:157)
	at com.kms.katalon.core.main.TestCaseMain$startTestSuite$0.call(Unknown Source)
	at TempTestSuite1581071026566.run(TempTestSuite1581071026566.groovy:36)
)

2020-02-07 12:24:31 - [TEST_STEP][PASSED] - else: null

2020-02-07 12:24:31 - [TEST_STEP][PASSED] - break: null]]></system-out>
         <system-err><![CDATA[2020-02-07 12:24:23 - [TEST_CASE][FAILED] - Test Cases/Deleting 1st scene: Test Cases/Deleting 1st scene FAILED.
Reason:
com.kms.katalon.core.exception.StepFailedException: com.kms.katalon.core.webui.exception.WebElementNotFoundException: Web element with id: 'Object Repository/Add video in placeholers/Video_img repository (videos, imgs and buttons)/Editor_Scene_1' located by 'By.xpath: //*[@id="bottom-slider-id"]/div[1]/figure' not found (Root cause: com.kms.katalon.core.exception.StepFailedException: com.kms.katalon.core.webui.exception.WebElementNotFoundException: Web element with id: 'Object Repository/Add video in placeholers/Video_img repository (videos, imgs and buttons)/Editor_Scene_1' located by 'By.xpath: //*[@id="bottom-slider-id"]/div[1]/figure' not found
	at com.kms.katalon.core.webui.keyword.internal.WebUIKeywordMain.stepFailed(WebUIKeywordMain.groovy:64)
	at com.kms.katalon.core.webui.keyword.builtin.VerifyElementPresentKeyword$_verifyElementPresent_closure1.doCall(VerifyElementPresentKeyword.groovy:85)
	at com.kms.katalon.core.webui.keyword.builtin.VerifyElementPresentKeyword$_verifyElementPresent_closure1.call(VerifyElementPresentKeyword.groovy)
	at com.kms.katalon.core.webui.keyword.internal.WebUIKeywordMain.runKeyword(WebUIKeywordMain.groovy:20)
	at com.kms.katalon.core.webui.keyword.builtin.VerifyElementPresentKeyword.verifyElementPresent(VerifyElementPresentKeyword.groovy:92)
	at com.kms.katalon.core.webui.keyword.builtin.VerifyElementPresentKeyword.execute(VerifyElementPresentKeyword.groovy:68)
	at com.kms.katalon.core.keyword.internal.KeywordExecutor.executeKeywordForPlatform(KeywordExecutor.groovy:72)
	at com.kms.katalon.core.webui.keyword.WebUiBuiltInKeywords.verifyElementPresent(WebUiBuiltInKeywords.groovy:1434)
	at com.kms.katalon.core.webui.keyword.WebUiBuiltInKeywords$verifyElementPresent$6.call(Unknown Source)
	at Deleting 1st scene.run(Deleting 1st scene:32)
	at com.kms.katalon.core.main.ScriptEngine.run(ScriptEngine.java:194)
	at com.kms.katalon.core.main.ScriptEngine.runScriptAsRawText(ScriptEngine.java:119)
	at com.kms.katalon.core.main.TestCaseExecutor.runScript(TestCaseExecutor.java:337)
	at com.kms.katalon.core.main.TestCaseExecutor.doExecute(TestCaseExecutor.java:328)
	at com.kms.katalon.core.main.TestCaseExecutor.processExecutionPhase(TestCaseExecutor.java:307)
	at com.kms.katalon.core.main.TestCaseExecutor.accessMainPhase(TestCaseExecutor.java:299)
	at com.kms.katalon.core.main.TestCaseExecutor.execute(TestCaseExecutor.java:233)
	at com.kms.katalon.core.main.TestSuiteExecutor.accessTestCaseMainPhase(TestSuiteExecutor.java:169)
	at com.kms.katalon.core.main.TestSuiteExecutor.accessTestSuiteMainPhase(TestSuiteExecutor.java:142)
	at com.kms.katalon.core.main.TestSuiteExecutor.execute(TestSuiteExecutor.java:91)
	at com.kms.katalon.core.main.TestCaseMain.startTestSuite(TestCaseMain.java:157)
	at com.kms.katalon.core.main.TestCaseMain$startTestSuite$0.call(Unknown Source)
	at TempTestSuite1581071026566.run(TempTestSuite1581071026566.groovy:36)
)
	at com.kms.katalon.core.keyword.internal.KeywordMain.stepFailed(KeywordMain.groovy:39)
	at com.kms.katalon.core.webui.keyword.internal.WebUIKeywordMain.stepFailed(WebUIKeywordMain.groovy:64)
	at com.kms.katalon.core.webui.keyword.builtin.VerifyElementPresentKeyword$_verifyElementPresent_closure1.doCall(VerifyElementPresentKeyword.groovy:85)
	at com.kms.katalon.core.webui.keyword.builtin.VerifyElementPresentKeyword$_verifyElementPresent_closure1.call(VerifyElementPresentKeyword.groovy)
	at com.kms.katalon.core.webui.keyword.internal.WebUIKeywordMain.runKeyword(WebUIKeywordMain.groovy:20)
	at com.kms.katalon.core.webui.keyword.builtin.VerifyElementPresentKeyword.verifyElementPresent(VerifyElementPresentKeyword.groovy:92)
	at com.kms.katalon.core.webui.keyword.builtin.VerifyElementPresentKeyword.execute(VerifyElementPresentKeyword.groovy:68)
	at com.kms.katalon.core.keyword.internal.KeywordExecutor.executeKeywordForPlatform(KeywordExecutor.groovy:72)
	at com.kms.katalon.core.webui.keyword.WebUiBuiltInKeywords.verifyElementPresent(WebUiBuiltInKeywords.groovy:1434)
	at com.kms.katalon.core.webui.keyword.WebUiBuiltInKeywords$verifyElementPresent$6.call(Unknown Source)
	at Deleting 1st scene.run(Deleting 1st scene:32)
	at com.kms.katalon.core.main.ScriptEngine.run(ScriptEngine.java:194)
	at com.kms.katalon.core.main.ScriptEngine.runScriptAsRawText(ScriptEngine.java:119)
	at com.kms.katalon.core.main.TestCaseExecutor.runScript(TestCaseExecutor.java:337)
	at com.kms.katalon.core.main.TestCaseExecutor.doExecute(TestCaseExecutor.java:328)
	at com.kms.katalon.core.main.TestCaseExecutor.processExecutionPhase(TestCaseExecutor.java:307)
	at com.kms.katalon.core.main.TestCaseExecutor.accessMainPhase(TestCaseExecutor.java:299)
	at com.kms.katalon.core.main.TestCaseExecutor.execute(TestCaseExecutor.java:233)
	at com.kms.katalon.core.main.TestSuiteExecutor.accessTestCaseMainPhase(TestSuiteExecutor.java:169)
	at com.kms.katalon.core.main.TestSuiteExecutor.accessTestSuiteMainPhase(TestSuiteExecutor.java:142)
	at com.kms.katalon.core.main.TestSuiteExecutor.execute(TestSuiteExecutor.java:91)
	at com.kms.katalon.core.main.TestCaseMain.startTestSuite(TestCaseMain.java:157)
	at com.kms.katalon.core.main.TestCaseMain$startTestSuite$0.call(Unknown Source)
	at TempTestSuite1581071026566.run(TempTestSuite1581071026566.groovy:36)
Caused by: com.kms.katalon.core.exception.StepFailedException: com.kms.katalon.core.webui.exception.WebElementNotFoundException: Web element with id: 'Object Repository/Add video in placeholers/Video_img repository (videos, imgs and buttons)/Editor_Scene_1' located by 'By.xpath: //*[@id="bottom-slider-id"]/div[1]/figure' not found
	... 23 more]]></system-err>
      </testcase>
      <testcase name="Test Cases/Scenes adding (30 scenes) cycles" time="43.81" classname="Test Cases/Scenes adding (30 scenes) cycles" status="FAILED">
         <failure type="FAILED" message="Test Cases/Scenes adding (30 scenes) cycles FAILED.
Reason:
com.kms.katalon.core.exception.StepFailedException: Object 'Object Repository/Add video in placeholers/From recorder/Scenes_adding/div_Scene 10' is not present (Root cause: com.kms.katalon.core.exception.StepFailedException: Object 'Object Repository/Add video in placeholers/From recorder/Scenes_adding/div_Scene 10' is not present
	at com.kms.katalon.core.webui.keyword.internal.WebUIKeywordMain.stepFailed(WebUIKeywordMain.groovy:64)
	at com.kms.katalon.core.webui.keyword.builtin.VerifyElementVisibleInViewportKeyword$_verifyElementVisibleInViewport_closure1.doCall(VerifyElementVisibleInViewportKeyword.groovy:83)
	at com.kms.katalon.core.webui.keyword.builtin.VerifyElementVisibleInViewportKeyword$_verifyElementVisibleInViewport_closure1.call(VerifyElementVisibleInViewportKeyword.groovy)
	at com.kms.katalon.core.webui.keyword.internal.WebUIKeywordMain.runKeyword(WebUIKeywordMain.groovy:20)
	at com.kms.katalon.core.webui.keyword.builtin.VerifyElementVisibleInViewportKeyword.verifyElementVisibleInViewport(VerifyElementVisibleInViewportKeyword.groovy:86)
	at com.kms.katalon.core.webui.keyword.builtin.VerifyElementVisibleInViewportKeyword.execute(VerifyElementVisibleInViewportKeyword.groovy:68)
	at com.kms.katalon.core.keyword.internal.KeywordExecutor.executeKeywordForPlatform(KeywordExecutor.groovy:72)
	at com.kms.katalon.core.webui.keyword.WebUiBuiltInKeywords.verifyElementVisibleInViewport(WebUiBuiltInKeywords.groovy:2992)
	at com.kms.katalon.core.webui.keyword.WebUiBuiltInKeywords.verifyElementVisibleInViewport(WebUiBuiltInKeywords.groovy:3008)
	at com.kms.katalon.core.webui.keyword.WebUiBuiltInKeywords$verifyElementVisibleInViewport$8.call(Unknown Source)
	at Scenes adding (30 scenes) cycles.run(Scenes adding (30 scenes) cycles:33)
	at com.kms.katalon.core.main.ScriptEngine.run(ScriptEngine.java:194)
	at com.kms.katalon.core.main.ScriptEngine.runScriptAsRawText(ScriptEngine.java:119)
	at com.kms.katalon.core.main.TestCaseExecutor.runScript(TestCaseExecutor.java:337)
	at com.kms.katalon.core.main.TestCaseExecutor.doExecute(TestCaseExecutor.java:328)
	at com.kms.katalon.core.main.TestCaseExecutor.processExecutionPhase(TestCaseExecutor.java:307)
	at com.kms.katalon.core.main.TestCaseExecutor.accessMainPhase(TestCaseExecutor.java:299)
	at com.kms.katalon.core.main.TestCaseExecutor.execute(TestCaseExecutor.java:233)
	at com.kms.katalon.core.main.TestSuiteExecutor.accessTestCaseMainPhase(TestSuiteExecutor.java:169)
	at com.kms.katalon.core.main.TestSuiteExecutor.accessTestSuiteMainPhase(TestSuiteExecutor.java:142)
	at com.kms.katalon.core.main.TestSuiteExecutor.execute(TestSuiteExecutor.java:91)
	at com.kms.katalon.core.main.TestCaseMain.startTestSuite(TestCaseMain.java:157)
	at com.kms.katalon.core.main.TestCaseMain$startTestSuite$0.call(Unknown Source)
	at TempTestSuite1581071026566.run(TempTestSuite1581071026566.groovy:36)
)
	at com.kms.katalon.core.keyword.internal.KeywordMain.stepFailed(KeywordMain.groovy:39)
	at com.kms.katalon.core.webui.keyword.internal.WebUIKeywordMain.stepFailed(WebUIKeywordMain.groovy:64)
	at com.kms.katalon.core.webui.keyword.builtin.VerifyElementVisibleInViewportKeyword$_verifyElementVisibleInViewport_closure1.doCall(VerifyElementVisibleInViewportKeyword.groovy:83)
	at com.kms.katalon.core.webui.keyword.builtin.VerifyElementVisibleInViewportKeyword$_verifyElementVisibleInViewport_closure1.call(VerifyElementVisibleInViewportKeyword.groovy)
	at com.kms.katalon.core.webui.keyword.internal.WebUIKeywordMain.runKeyword(WebUIKeywordMain.groovy:20)
	at com.kms.katalon.core.webui.keyword.builtin.VerifyElementVisibleInViewportKeyword.verifyElementVisibleInViewport(VerifyElementVisibleInViewportKeyword.groovy:86)
	at com.kms.katalon.core.webui.keyword.builtin.VerifyElementVisibleInViewportKeyword.execute(VerifyElementVisibleInViewportKeyword.groovy:68)
	at com.kms.katalon.core.keyword.internal.KeywordExecutor.executeKeywordForPlatform(KeywordExecutor.groovy:72)
	at com.kms.katalon.core.webui.keyword.WebUiBuiltInKeywords.verifyElementVisibleInViewport(WebUiBuiltInKeywords.groovy:2992)
	at com.kms.katalon.core.webui.keyword.WebUiBuiltInKeywords.verifyElementVisibleInViewport(WebUiBuiltInKeywords.groovy:3008)
	at com.kms.katalon.core.webui.keyword.WebUiBuiltInKeywords$verifyElementVisibleInViewport$8.call(Unknown Source)
	at Scenes adding (30 scenes) cycles.run(Scenes adding (30 scenes) cycles:33)
	at com.kms.katalon.core.main.ScriptEngine.run(ScriptEngine.java:194)
	at com.kms.katalon.core.main.ScriptEngine.runScriptAsRawText(ScriptEngine.java:119)
	at com.kms.katalon.core.main.TestCaseExecutor.runScript(TestCaseExecutor.java:337)
	at com.kms.katalon.core.main.TestCaseExecutor.doExecute(TestCaseExecutor.java:328)
	at com.kms.katalon.core.main.TestCaseExecutor.processExecutionPhase(TestCaseExecutor.java:307)
	at com.kms.katalon.core.main.TestCaseExecutor.accessMainPhase(TestCaseExecutor.java:299)
	at com.kms.katalon.core.main.TestCaseExecutor.execute(TestCaseExecutor.java:233)
	at com.kms.katalon.core.main.TestSuiteExecutor.accessTestCaseMainPhase(TestSuiteExecutor.java:169)
	at com.kms.katalon.core.main.TestSuiteExecutor.accessTestSuiteMainPhase(TestSuiteExecutor.java:142)
	at com.kms.katalon.core.main.TestSuiteExecutor.execute(TestSuiteExecutor.java:91)
	at com.kms.katalon.core.main.TestCaseMain.startTestSuite(TestCaseMain.java:157)
	at com.kms.katalon.core.main.TestCaseMain$startTestSuite$0.call(Unknown Source)
	at TempTestSuite1581071026566.run(TempTestSuite1581071026566.groovy:36)
Caused by: com.kms.katalon.core.exception.StepFailedException: Object 'Object Repository/Add video in placeholers/From recorder/Scenes_adding/div_Scene 10' is not present
	... 24 more
"/>
         <system-out><![CDATA[2020-02-07 12:24:31 - [TEST_CASE][FAILED] - Test Cases/Scenes adding (30 scenes) cycles: Test Cases/Scenes adding (30 scenes) cycles FAILED.
Reason:
com.kms.katalon.core.exception.StepFailedException: Object 'Object Repository/Add video in placeholers/From recorder/Scenes_adding/div_Scene 10' is not present (Root cause: com.kms.katalon.core.exception.StepFailedException: Object 'Object Repository/Add video in placeholers/From recorder/Scenes_adding/div_Scene 10' is not present
	at com.kms.katalon.core.webui.keyword.internal.WebUIKeywordMain.stepFailed(WebUIKeywordMain.groovy:64)
	at com.kms.katalon.core.webui.keyword.builtin.VerifyElementVisibleInViewportKeyword$_verifyElementVisibleInViewport_closure1.doCall(VerifyElementVisibleInViewportKeyword.groovy:83)
	at com.kms.katalon.core.webui.keyword.builtin.VerifyElementVisibleInViewportKeyword$_verifyElementVisibleInViewport_closure1.call(VerifyElementVisibleInViewportKeyword.groovy)
	at com.kms.katalon.core.webui.keyword.internal.WebUIKeywordMain.runKeyword(WebUIKeywordMain.groovy:20)
	at com.kms.katalon.core.webui.keyword.builtin.VerifyElementVisibleInViewportKeyword.verifyElementVisibleInViewport(VerifyElementVisibleInViewportKeyword.groovy:86)
	at com.kms.katalon.core.webui.keyword.builtin.VerifyElementVisibleInViewportKeyword.execute(VerifyElementVisibleInViewportKeyword.groovy:68)
	at com.kms.katalon.core.keyword.internal.KeywordExecutor.executeKeywordForPlatform(KeywordExecutor.groovy:72)
	at com.kms.katalon.core.webui.keyword.WebUiBuiltInKeywords.verifyElementVisibleInViewport(WebUiBuiltInKeywords.groovy:2992)
	at com.kms.katalon.core.webui.keyword.WebUiBuiltInKeywords.verifyElementVisibleInViewport(WebUiBuiltInKeywords.groovy:3008)
	at com.kms.katalon.core.webui.keyword.WebUiBuiltInKeywords$verifyElementVisibleInViewport$8.call(Unknown Source)
	at Scenes adding (30 scenes) cycles.run(Scenes adding (30 scenes) cycles:33)
	at com.kms.katalon.core.main.ScriptEngine.run(ScriptEngine.java:194)
	at com.kms.katalon.core.main.ScriptEngine.runScriptAsRawText(ScriptEngine.java:119)
	at com.kms.katalon.core.main.TestCaseExecutor.runScript(TestCaseExecutor.java:337)
	at com.kms.katalon.core.main.TestCaseExecutor.doExecute(TestCaseExecutor.java:328)
	at com.kms.katalon.core.main.TestCaseExecutor.processExecutionPhase(TestCaseExecutor.java:307)
	at com.kms.katalon.core.main.TestCaseExecutor.accessMainPhase(TestCaseExecutor.java:299)
	at com.kms.katalon.core.main.TestCaseExecutor.execute(TestCaseExecutor.java:233)
	at com.kms.katalon.core.main.TestSuiteExecutor.accessTestCaseMainPhase(TestSuiteExecutor.java:169)
	at com.kms.katalon.core.main.TestSuiteExecutor.accessTestSuiteMainPhase(TestSuiteExecutor.java:142)
	at com.kms.katalon.core.main.TestSuiteExecutor.execute(TestSuiteExecutor.java:91)
	at com.kms.katalon.core.main.TestCaseMain.startTestSuite(TestCaseMain.java:157)
	at com.kms.katalon.core.main.TestCaseMain$startTestSuite$0.call(Unknown Source)
	at TempTestSuite1581071026566.run(TempTestSuite1581071026566.groovy:36)
)
	at com.kms.katalon.core.keyword.internal.KeywordMain.stepFailed(KeywordMain.groovy:39)
	at com.kms.katalon.core.webui.keyword.internal.WebUIKeywordMain.stepFailed(WebUIKeywordMain.groovy:64)
	at com.kms.katalon.core.webui.keyword.builtin.VerifyElementVisibleInViewportKeyword$_verifyElementVisibleInViewport_closure1.doCall(VerifyElementVisibleInViewportKeyword.groovy:83)
	at com.kms.katalon.core.webui.keyword.builtin.VerifyElementVisibleInViewportKeyword$_verifyElementVisibleInViewport_closure1.call(VerifyElementVisibleInViewportKeyword.groovy)
	at com.kms.katalon.core.webui.keyword.internal.WebUIKeywordMain.runKeyword(WebUIKeywordMain.groovy:20)
	at com.kms.katalon.core.webui.keyword.builtin.VerifyElementVisibleInViewportKeyword.verifyElementVisibleInViewport(VerifyElementVisibleInViewportKeyword.groovy:86)
	at com.kms.katalon.core.webui.keyword.builtin.VerifyElementVisibleInViewportKeyword.execute(VerifyElementVisibleInViewportKeyword.groovy:68)
	at com.kms.katalon.core.keyword.internal.KeywordExecutor.executeKeywordForPlatform(KeywordExecutor.groovy:72)
	at com.kms.katalon.core.webui.keyword.WebUiBuiltInKeywords.verifyElementVisibleInViewport(WebUiBuiltInKeywords.groovy:2992)
	at com.kms.katalon.core.webui.keyword.WebUiBuiltInKeywords.verifyElementVisibleInViewport(WebUiBuiltInKeywords.groovy:3008)
	at com.kms.katalon.core.webui.keyword.WebUiBuiltInKeywords$verifyElementVisibleInViewport$8.call(Unknown Source)
	at Scenes adding (30 scenes) cycles.run(Scenes adding (30 scenes) cycles:33)
	at com.kms.katalon.core.main.ScriptEngine.run(ScriptEngine.java:194)
	at com.kms.katalon.core.main.ScriptEngine.runScriptAsRawText(ScriptEngine.java:119)
	at com.kms.katalon.core.main.TestCaseExecutor.runScript(TestCaseExecutor.java:337)
	at com.kms.katalon.core.main.TestCaseExecutor.doExecute(TestCaseExecutor.java:328)
	at com.kms.katalon.core.main.TestCaseExecutor.processExecutionPhase(TestCaseExecutor.java:307)
	at com.kms.katalon.core.main.TestCaseExecutor.accessMainPhase(TestCaseExecutor.java:299)
	at com.kms.katalon.core.main.TestCaseExecutor.execute(TestCaseExecutor.java:233)
	at com.kms.katalon.core.main.TestSuiteExecutor.accessTestCaseMainPhase(TestSuiteExecutor.java:169)
	at com.kms.katalon.core.main.TestSuiteExecutor.accessTestSuiteMainPhase(TestSuiteExecutor.java:142)
	at com.kms.katalon.core.main.TestSuiteExecutor.execute(TestSuiteExecutor.java:91)
	at com.kms.katalon.core.main.TestCaseMain.startTestSuite(TestCaseMain.java:157)
	at com.kms.katalon.core.main.TestCaseMain$startTestSuite$0.call(Unknown Source)
	at TempTestSuite1581071026566.run(TempTestSuite1581071026566.groovy:36)
Caused by: com.kms.katalon.core.exception.StepFailedException: Object 'Object Repository/Add video in placeholers/From recorder/Scenes_adding/div_Scene 10' is not present
	... 24 more


2020-02-07 12:24:32 - [TEST_STEP][PASSED] - waitForPageLoad(1): Wait for page load successfully

2020-02-07 12:24:32 - [MESSAGE][PASSED] - Wait for page load successfully

2020-02-07 12:24:32 - [TEST_STEP][PASSED] - click(findTestObject("Add video in placeholers/From recorder/img_add_scenes")): Object: 'Object Repository/Add video in placeholers/From recorder/img_add_scenes' is clicked on

2020-02-07 12:24:33 - [MESSAGE][PASSED] - Object: 'Object Repository/Add video in placeholers/From recorder/img_add_scenes' is clicked on

2020-02-07 12:24:33 - [TEST_STEP][PASSED] - waitForPageLoad(5): Wait for page load successfully

2020-02-07 12:24:33 - [MESSAGE][PASSED] - Wait for page load successfully

2020-02-07 12:24:33 - [TEST_STEP][PASSED] - delay(1): Delayed 1 second(s)

2020-02-07 12:24:34 - [MESSAGE][PASSED] - Delayed 1 second(s)

2020-02-07 12:24:34 - [TEST_STEP][FAILED] - for ([i = 1, i < 16, (i++)]): null

2020-02-07 12:24:34 - [TEST_STEP][PASSED] - Thread.sleep(500): null

2020-02-07 12:24:34 - [TEST_STEP][PASSED] - if (verifyElementVisibleInViewport(findTestObject("Add video in placeholers/From recorder/Scenes_adding/div_Scene " + i), 1) == true): null

2020-02-07 12:24:35 - [MESSAGE][PASSED] - Object 'Object Repository/Add video in placeholers/From recorder/Scenes_adding/div_Scene 1' is present and visible in viewport

2020-02-07 12:24:35 - [TEST_STEP][PASSED] - focus(findTestObject("Add video in placeholers/From recorder/Scenes_adding/div_Scene " + i)): Object: 'Object Repository/Add video in placeholers/From recorder/Scenes_adding/div_Scene 1' is focused

2020-02-07 12:24:36 - [MESSAGE][PASSED] - Object: 'Object Repository/Add video in placeholers/From recorder/Scenes_adding/div_Scene 1' is focused

2020-02-07 12:24:36 - [TEST_STEP][PASSED] - waitForElementVisible(findTestObject("Add video in placeholers/From recorder/Scenes_adding/li__Scene_" + i), 5): Object 'Object Repository/Add video in placeholers/From recorder/Scenes_adding/li__Scene_1' is visible

2020-02-07 12:24:38 - [MESSAGE][PASSED] - Object 'Object Repository/Add video in placeholers/From recorder/Scenes_adding/li__Scene_1' is visible

2020-02-07 12:24:38 - [TEST_STEP][PASSED] - click(findTestObject("Add video in placeholers/From recorder/Scenes_adding/li__Scene_" + i)): Object: 'Object Repository/Add video in placeholers/From recorder/Scenes_adding/li__Scene_1' is clicked on

2020-02-07 12:24:39 - [MESSAGE][PASSED] - Object: 'Object Repository/Add video in placeholers/From recorder/Scenes_adding/li__Scene_1' is clicked on

2020-02-07 12:24:39 - [TEST_STEP][PASSED] - Thread.sleep(200): null

2020-02-07 12:24:40 - [TEST_STEP][PASSED] - Thread.sleep(500): null

2020-02-07 12:24:40 - [TEST_STEP][PASSED] - if (verifyElementVisibleInViewport(findTestObject("Add video in placeholers/From recorder/Scenes_adding/div_Scene " + i), 1) == true): null

2020-02-07 12:24:41 - [MESSAGE][PASSED] - Object 'Object Repository/Add video in placeholers/From recorder/Scenes_adding/div_Scene 2' is present and visible in viewport

2020-02-07 12:24:41 - [TEST_STEP][PASSED] - focus(findTestObject("Add video in placeholers/From recorder/Scenes_adding/div_Scene " + i)): Object: 'Object Repository/Add video in placeholers/From recorder/Scenes_adding/div_Scene 2' is focused

2020-02-07 12:24:42 - [MESSAGE][PASSED] - Object: 'Object Repository/Add video in placeholers/From recorder/Scenes_adding/div_Scene 2' is focused

2020-02-07 12:24:42 - [TEST_STEP][PASSED] - waitForElementVisible(findTestObject("Add video in placeholers/From recorder/Scenes_adding/li__Scene_" + i), 5): Object 'Object Repository/Add video in placeholers/From recorder/Scenes_adding/li__Scene_2' is visible

2020-02-07 12:24:43 - [MESSAGE][PASSED] - Object 'Object Repository/Add video in placeholers/From recorder/Scenes_adding/li__Scene_2' is visible

2020-02-07 12:24:43 - [TEST_STEP][PASSED] - click(findTestObject("Add video in placeholers/From recorder/Scenes_adding/li__Scene_" + i)): Object: 'Object Repository/Add video in placeholers/From recorder/Scenes_adding/li__Scene_2' is clicked on

2020-02-07 12:24:43 - [MESSAGE][PASSED] - Object: 'Object Repository/Add video in placeholers/From recorder/Scenes_adding/li__Scene_2' is clicked on

2020-02-07 12:24:43 - [TEST_STEP][PASSED] - Thread.sleep(200): null

2020-02-07 12:24:43 - [TEST_STEP][PASSED] - Thread.sleep(500): null

2020-02-07 12:24:44 - [TEST_STEP][PASSED] - if (verifyElementVisibleInViewport(findTestObject("Add video in placeholers/From recorder/Scenes_adding/div_Scene " + i), 1) == true): null

2020-02-07 12:24:45 - [MESSAGE][PASSED] - Object 'Object Repository/Add video in placeholers/From recorder/Scenes_adding/div_Scene 3' is present and visible in viewport

2020-02-07 12:24:45 - [TEST_STEP][PASSED] - focus(findTestObject("Add video in placeholers/From recorder/Scenes_adding/div_Scene " + i)): Object: 'Object Repository/Add video in placeholers/From recorder/Scenes_adding/div_Scene 3' is focused

2020-02-07 12:24:46 - [MESSAGE][PASSED] - Object: 'Object Repository/Add video in placeholers/From recorder/Scenes_adding/div_Scene 3' is focused

2020-02-07 12:24:46 - [TEST_STEP][PASSED] - waitForElementVisible(findTestObject("Add video in placeholers/From recorder/Scenes_adding/li__Scene_" + i), 5): Object 'Object Repository/Add video in placeholers/From recorder/Scenes_adding/li__Scene_3' is visible

2020-02-07 12:24:46 - [MESSAGE][PASSED] - Object 'Object Repository/Add video in placeholers/From recorder/Scenes_adding/li__Scene_3' is visible

2020-02-07 12:24:46 - [TEST_STEP][PASSED] - click(findTestObject("Add video in placeholers/From recorder/Scenes_adding/li__Scene_" + i)): Object: 'Object Repository/Add video in placeholers/From recorder/Scenes_adding/li__Scene_3' is clicked on

2020-02-07 12:24:46 - [MESSAGE][PASSED] - Object: 'Object Repository/Add video in placeholers/From recorder/Scenes_adding/li__Scene_3' is clicked on

2020-02-07 12:24:46 - [TEST_STEP][PASSED] - Thread.sleep(200): null

2020-02-07 12:24:46 - [TEST_STEP][PASSED] - Thread.sleep(500): null

2020-02-07 12:24:47 - [TEST_STEP][PASSED] - if (verifyElementVisibleInViewport(findTestObject("Add video in placeholers/From recorder/Scenes_adding/div_Scene " + i), 1) == true): null

2020-02-07 12:24:48 - [MESSAGE][PASSED] - Object 'Object Repository/Add video in placeholers/From recorder/Scenes_adding/div_Scene 4' is present and visible in viewport

2020-02-07 12:24:48 - [TEST_STEP][PASSED] - focus(findTestObject("Add video in placeholers/From recorder/Scenes_adding/div_Scene " + i)): Object: 'Object Repository/Add video in placeholers/From recorder/Scenes_adding/div_Scene 4' is focused

2020-02-07 12:24:49 - [MESSAGE][PASSED] - Object: 'Object Repository/Add video in placeholers/From recorder/Scenes_adding/div_Scene 4' is focused

2020-02-07 12:24:49 - [TEST_STEP][PASSED] - waitForElementVisible(findTestObject("Add video in placeholers/From recorder/Scenes_adding/li__Scene_" + i), 5): Object 'Object Repository/Add video in placeholers/From recorder/Scenes_adding/li__Scene_4' is visible

2020-02-07 12:24:50 - [MESSAGE][PASSED] - Object 'Object Repository/Add video in placeholers/From recorder/Scenes_adding/li__Scene_4' is visible

2020-02-07 12:24:50 - [TEST_STEP][PASSED] - click(findTestObject("Add video in placeholers/From recorder/Scenes_adding/li__Scene_" + i)): Object: 'Object Repository/Add video in placeholers/From recorder/Scenes_adding/li__Scene_4' is clicked on

2020-02-07 12:24:52 - [MESSAGE][PASSED] - Object: 'Object Repository/Add video in placeholers/From recorder/Scenes_adding/li__Scene_4' is clicked on

2020-02-07 12:24:52 - [TEST_STEP][PASSED] - Thread.sleep(200): null

2020-02-07 12:24:52 - [TEST_STEP][PASSED] - Thread.sleep(500): null

2020-02-07 12:24:52 - [TEST_STEP][PASSED] - if (verifyElementVisibleInViewport(findTestObject("Add video in placeholers/From recorder/Scenes_adding/div_Scene " + i), 1) == true): null

2020-02-07 12:24:54 - [MESSAGE][PASSED] - Object 'Object Repository/Add video in placeholers/From recorder/Scenes_adding/div_Scene 5' is present and visible in viewport

2020-02-07 12:24:54 - [TEST_STEP][PASSED] - focus(findTestObject("Add video in placeholers/From recorder/Scenes_adding/div_Scene " + i)): Object: 'Object Repository/Add video in placeholers/From recorder/Scenes_adding/div_Scene 5' is focused

2020-02-07 12:24:54 - [MESSAGE][PASSED] - Object: 'Object Repository/Add video in placeholers/From recorder/Scenes_adding/div_Scene 5' is focused

2020-02-07 12:24:54 - [TEST_STEP][PASSED] - waitForElementVisible(findTestObject("Add video in placeholers/From recorder/Scenes_adding/li__Scene_" + i), 5): Object 'Object Repository/Add video in placeholers/From recorder/Scenes_adding/li__Scene_5' is visible

2020-02-07 12:24:55 - [MESSAGE][PASSED] - Object 'Object Repository/Add video in placeholers/From recorder/Scenes_adding/li__Scene_5' is visible

2020-02-07 12:24:55 - [TEST_STEP][PASSED] - click(findTestObject("Add video in placeholers/From recorder/Scenes_adding/li__Scene_" + i)): Object: 'Object Repository/Add video in placeholers/From recorder/Scenes_adding/li__Scene_5' is clicked on

2020-02-07 12:24:56 - [MESSAGE][PASSED] - Object: 'Object Repository/Add video in placeholers/From recorder/Scenes_adding/li__Scene_5' is clicked on

2020-02-07 12:24:56 - [TEST_STEP][PASSED] - Thread.sleep(200): null

2020-02-07 12:24:56 - [TEST_STEP][PASSED] - Thread.sleep(500): null

2020-02-07 12:24:57 - [TEST_STEP][PASSED] - if (verifyElementVisibleInViewport(findTestObject("Add video in placeholers/From recorder/Scenes_adding/div_Scene " + i), 1) == true): null

2020-02-07 12:24:57 - [MESSAGE][PASSED] - Object 'Object Repository/Add video in placeholers/From recorder/Scenes_adding/div_Scene 6' is present and visible in viewport

2020-02-07 12:24:57 - [TEST_STEP][PASSED] - focus(findTestObject("Add video in placeholers/From recorder/Scenes_adding/div_Scene " + i)): Object: 'Object Repository/Add video in placeholers/From recorder/Scenes_adding/div_Scene 6' is focused

2020-02-07 12:24:58 - [MESSAGE][PASSED] - Object: 'Object Repository/Add video in placeholers/From recorder/Scenes_adding/div_Scene 6' is focused

2020-02-07 12:24:58 - [TEST_STEP][PASSED] - waitForElementVisible(findTestObject("Add video in placeholers/From recorder/Scenes_adding/li__Scene_" + i), 5): Object 'Object Repository/Add video in placeholers/From recorder/Scenes_adding/li__Scene_6' is visible

2020-02-07 12:24:58 - [MESSAGE][PASSED] - Object 'Object Repository/Add video in placeholers/From recorder/Scenes_adding/li__Scene_6' is visible

2020-02-07 12:24:58 - [TEST_STEP][PASSED] - click(findTestObject("Add video in placeholers/From recorder/Scenes_adding/li__Scene_" + i)): Object: 'Object Repository/Add video in placeholers/From recorder/Scenes_adding/li__Scene_6' is clicked on

2020-02-07 12:24:59 - [MESSAGE][PASSED] - Object: 'Object Repository/Add video in placeholers/From recorder/Scenes_adding/li__Scene_6' is clicked on

2020-02-07 12:24:59 - [TEST_STEP][PASSED] - Thread.sleep(200): null

2020-02-07 12:24:59 - [TEST_STEP][PASSED] - Thread.sleep(500): null

2020-02-07 12:25:00 - [TEST_STEP][PASSED] - if (verifyElementVisibleInViewport(findTestObject("Add video in placeholers/From recorder/Scenes_adding/div_Scene " + i), 1) == true): null

2020-02-07 12:25:00 - [MESSAGE][PASSED] - Object 'Object Repository/Add video in placeholers/From recorder/Scenes_adding/div_Scene 7' is present and visible in viewport

2020-02-07 12:25:00 - [TEST_STEP][PASSED] - focus(findTestObject("Add video in placeholers/From recorder/Scenes_adding/div_Scene " + i)): Object: 'Object Repository/Add video in placeholers/From recorder/Scenes_adding/div_Scene 7' is focused

2020-02-07 12:25:01 - [MESSAGE][PASSED] - Object: 'Object Repository/Add video in placeholers/From recorder/Scenes_adding/div_Scene 7' is focused

2020-02-07 12:25:01 - [TEST_STEP][PASSED] - waitForElementVisible(findTestObject("Add video in placeholers/From recorder/Scenes_adding/li__Scene_" + i), 5): Object 'Object Repository/Add video in placeholers/From recorder/Scenes_adding/li__Scene_7' is visible

2020-02-07 12:25:02 - [MESSAGE][PASSED] - Object 'Object Repository/Add video in placeholers/From recorder/Scenes_adding/li__Scene_7' is visible

2020-02-07 12:25:02 - [TEST_STEP][PASSED] - click(findTestObject("Add video in placeholers/From recorder/Scenes_adding/li__Scene_" + i)): Object: 'Object Repository/Add video in placeholers/From recorder/Scenes_adding/li__Scene_7' is clicked on

2020-02-07 12:25:03 - [MESSAGE][PASSED] - Object: 'Object Repository/Add video in placeholers/From recorder/Scenes_adding/li__Scene_7' is clicked on

2020-02-07 12:25:03 - [TEST_STEP][PASSED] - Thread.sleep(200): null

2020-02-07 12:25:03 - [TEST_STEP][PASSED] - Thread.sleep(500): null

2020-02-07 12:25:04 - [TEST_STEP][PASSED] - if (verifyElementVisibleInViewport(findTestObject("Add video in placeholers/From recorder/Scenes_adding/div_Scene " + i), 1) == true): null

2020-02-07 12:25:04 - [MESSAGE][PASSED] - Object 'Object Repository/Add video in placeholers/From recorder/Scenes_adding/div_Scene 8' is present and visible in viewport

2020-02-07 12:25:04 - [TEST_STEP][PASSED] - focus(findTestObject("Add video in placeholers/From recorder/Scenes_adding/div_Scene " + i)): Object: 'Object Repository/Add video in placeholers/From recorder/Scenes_adding/div_Scene 8' is focused

2020-02-07 12:25:04 - [MESSAGE][PASSED] - Object: 'Object Repository/Add video in placeholers/From recorder/Scenes_adding/div_Scene 8' is focused

2020-02-07 12:25:04 - [TEST_STEP][PASSED] - waitForElementVisible(findTestObject("Add video in placeholers/From recorder/Scenes_adding/li__Scene_" + i), 5): Object 'Object Repository/Add video in placeholers/From recorder/Scenes_adding/li__Scene_8' is visible

2020-02-07 12:25:05 - [MESSAGE][PASSED] - Object 'Object Repository/Add video in placeholers/From recorder/Scenes_adding/li__Scene_8' is visible

2020-02-07 12:25:05 - [TEST_STEP][PASSED] - click(findTestObject("Add video in placeholers/From recorder/Scenes_adding/li__Scene_" + i)): Object: 'Object Repository/Add video in placeholers/From recorder/Scenes_adding/li__Scene_8' is clicked on

2020-02-07 12:25:05 - [MESSAGE][PASSED] - Object: 'Object Repository/Add video in placeholers/From recorder/Scenes_adding/li__Scene_8' is clicked on

2020-02-07 12:25:05 - [TEST_STEP][PASSED] - Thread.sleep(200): null

2020-02-07 12:25:05 - [TEST_STEP][PASSED] - Thread.sleep(500): null

2020-02-07 12:25:05 - [TEST_STEP][PASSED] - if (verifyElementVisibleInViewport(findTestObject("Add video in placeholers/From recorder/Scenes_adding/div_Scene " + i), 1) == true): null

2020-02-07 12:25:06 - [MESSAGE][PASSED] - Object 'Object Repository/Add video in placeholers/From recorder/Scenes_adding/div_Scene 9' is present and visible in viewport

2020-02-07 12:25:06 - [TEST_STEP][PASSED] - focus(findTestObject("Add video in placeholers/From recorder/Scenes_adding/div_Scene " + i)): Object: 'Object Repository/Add video in placeholers/From recorder/Scenes_adding/div_Scene 9' is focused

2020-02-07 12:25:06 - [MESSAGE][PASSED] - Object: 'Object Repository/Add video in placeholers/From recorder/Scenes_adding/div_Scene 9' is focused

2020-02-07 12:25:06 - [TEST_STEP][PASSED] - waitForElementVisible(findTestObject("Add video in placeholers/From recorder/Scenes_adding/li__Scene_" + i), 5): Object 'Object Repository/Add video in placeholers/From recorder/Scenes_adding/li__Scene_9' is visible

2020-02-07 12:25:08 - [MESSAGE][PASSED] - Object 'Object Repository/Add video in placeholers/From recorder/Scenes_adding/li__Scene_9' is visible

2020-02-07 12:25:08 - [TEST_STEP][PASSED] - click(findTestObject("Add video in placeholers/From recorder/Scenes_adding/li__Scene_" + i)): Object: 'Object Repository/Add video in placeholers/From recorder/Scenes_adding/li__Scene_9' is clicked on

2020-02-07 12:25:08 - [MESSAGE][PASSED] - Object: 'Object Repository/Add video in placeholers/From recorder/Scenes_adding/li__Scene_9' is clicked on

2020-02-07 12:25:08 - [TEST_STEP][PASSED] - Thread.sleep(200): null

2020-02-07 12:25:08 - [TEST_STEP][PASSED] - Thread.sleep(500): null

2020-02-07 12:25:08 - [TEST_STEP][FAILED] - if (verifyElementVisibleInViewport(findTestObject("Add video in placeholers/From recorder/Scenes_adding/div_Scene " + i), 1) == true): Object 'Object Repository/Add video in placeholers/From recorder/Scenes_adding/div_Scene 10' is not present (Root cause: com.kms.katalon.core.exception.StepFailedException: Object 'Object Repository/Add video in placeholers/From recorder/Scenes_adding/div_Scene 10' is not present
	at com.kms.katalon.core.webui.keyword.internal.WebUIKeywordMain.stepFailed(WebUIKeywordMain.groovy:64)
	at com.kms.katalon.core.webui.keyword.builtin.VerifyElementVisibleInViewportKeyword$_verifyElementVisibleInViewport_closure1.doCall(VerifyElementVisibleInViewportKeyword.groovy:83)
	at com.kms.katalon.core.webui.keyword.builtin.VerifyElementVisibleInViewportKeyword$_verifyElementVisibleInViewport_closure1.call(VerifyElementVisibleInViewportKeyword.groovy)
	at com.kms.katalon.core.webui.keyword.internal.WebUIKeywordMain.runKeyword(WebUIKeywordMain.groovy:20)
	at com.kms.katalon.core.webui.keyword.builtin.VerifyElementVisibleInViewportKeyword.verifyElementVisibleInViewport(VerifyElementVisibleInViewportKeyword.groovy:86)
	at com.kms.katalon.core.webui.keyword.builtin.VerifyElementVisibleInViewportKeyword.execute(VerifyElementVisibleInViewportKeyword.groovy:68)
	at com.kms.katalon.core.keyword.internal.KeywordExecutor.executeKeywordForPlatform(KeywordExecutor.groovy:72)
	at com.kms.katalon.core.webui.keyword.WebUiBuiltInKeywords.verifyElementVisibleInViewport(WebUiBuiltInKeywords.groovy:2992)
	at com.kms.katalon.core.webui.keyword.WebUiBuiltInKeywords.verifyElementVisibleInViewport(WebUiBuiltInKeywords.groovy:3008)
	at com.kms.katalon.core.webui.keyword.WebUiBuiltInKeywords$verifyElementVisibleInViewport$8.call(Unknown Source)
	at Scenes adding (30 scenes) cycles.run(Scenes adding (30 scenes) cycles:33)
	at com.kms.katalon.core.main.ScriptEngine.run(ScriptEngine.java:194)
	at com.kms.katalon.core.main.ScriptEngine.runScriptAsRawText(ScriptEngine.java:119)
	at com.kms.katalon.core.main.TestCaseExecutor.runScript(TestCaseExecutor.java:337)
	at com.kms.katalon.core.main.TestCaseExecutor.doExecute(TestCaseExecutor.java:328)
	at com.kms.katalon.core.main.TestCaseExecutor.processExecutionPhase(TestCaseExecutor.java:307)
	at com.kms.katalon.core.main.TestCaseExecutor.accessMainPhase(TestCaseExecutor.java:299)
	at com.kms.katalon.core.main.TestCaseExecutor.execute(TestCaseExecutor.java:233)
	at com.kms.katalon.core.main.TestSuiteExecutor.accessTestCaseMainPhase(TestSuiteExecutor.java:169)
	at com.kms.katalon.core.main.TestSuiteExecutor.accessTestSuiteMainPhase(TestSuiteExecutor.java:142)
	at com.kms.katalon.core.main.TestSuiteExecutor.execute(TestSuiteExecutor.java:91)
	at com.kms.katalon.core.main.TestCaseMain.startTestSuite(TestCaseMain.java:157)
	at com.kms.katalon.core.main.TestCaseMain$startTestSuite$0.call(Unknown Source)
	at TempTestSuite1581071026566.run(TempTestSuite1581071026566.groovy:36)
)

2020-02-07 12:25:10 - [MESSAGE][INFO] - Unable to find the element located by 'By.cssSelector: #itemContainer li:nth-child(10)'. Please recheck the objects properties to make sure the desired element is located. 

2020-02-07 12:25:10 - [MESSAGE][FAILED] - Object 'Object Repository/Add video in placeholers/From recorder/Scenes_adding/div_Scene 10' is not present (Root cause: com.kms.katalon.core.exception.StepFailedException: Object 'Object Repository/Add video in placeholers/From recorder/Scenes_adding/div_Scene 10' is not present
	at com.kms.katalon.core.webui.keyword.internal.WebUIKeywordMain.stepFailed(WebUIKeywordMain.groovy:64)
	at com.kms.katalon.core.webui.keyword.builtin.VerifyElementVisibleInViewportKeyword$_verifyElementVisibleInViewport_closure1.doCall(VerifyElementVisibleInViewportKeyword.groovy:83)
	at com.kms.katalon.core.webui.keyword.builtin.VerifyElementVisibleInViewportKeyword$_verifyElementVisibleInViewport_closure1.call(VerifyElementVisibleInViewportKeyword.groovy)
	at com.kms.katalon.core.webui.keyword.internal.WebUIKeywordMain.runKeyword(WebUIKeywordMain.groovy:20)
	at com.kms.katalon.core.webui.keyword.builtin.VerifyElementVisibleInViewportKeyword.verifyElementVisibleInViewport(VerifyElementVisibleInViewportKeyword.groovy:86)
	at com.kms.katalon.core.webui.keyword.builtin.VerifyElementVisibleInViewportKeyword.execute(VerifyElementVisibleInViewportKeyword.groovy:68)
	at com.kms.katalon.core.keyword.internal.KeywordExecutor.executeKeywordForPlatform(KeywordExecutor.groovy:72)
	at com.kms.katalon.core.webui.keyword.WebUiBuiltInKeywords.verifyElementVisibleInViewport(WebUiBuiltInKeywords.groovy:2992)
	at com.kms.katalon.core.webui.keyword.WebUiBuiltInKeywords.verifyElementVisibleInViewport(WebUiBuiltInKeywords.groovy:3008)
	at com.kms.katalon.core.webui.keyword.WebUiBuiltInKeywords$verifyElementVisibleInViewport$8.call(Unknown Source)
	at Scenes adding (30 scenes) cycles.run(Scenes adding (30 scenes) cycles:33)
	at com.kms.katalon.core.main.ScriptEngine.run(ScriptEngine.java:194)
	at com.kms.katalon.core.main.ScriptEngine.runScriptAsRawText(ScriptEngine.java:119)
	at com.kms.katalon.core.main.TestCaseExecutor.runScript(TestCaseExecutor.java:337)
	at com.kms.katalon.core.main.TestCaseExecutor.doExecute(TestCaseExecutor.java:328)
	at com.kms.katalon.core.main.TestCaseExecutor.processExecutionPhase(TestCaseExecutor.java:307)
	at com.kms.katalon.core.main.TestCaseExecutor.accessMainPhase(TestCaseExecutor.java:299)
	at com.kms.katalon.core.main.TestCaseExecutor.execute(TestCaseExecutor.java:233)
	at com.kms.katalon.core.main.TestSuiteExecutor.accessTestCaseMainPhase(TestSuiteExecutor.java:169)
	at com.kms.katalon.core.main.TestSuiteExecutor.accessTestSuiteMainPhase(TestSuiteExecutor.java:142)
	at com.kms.katalon.core.main.TestSuiteExecutor.execute(TestSuiteExecutor.java:91)
	at com.kms.katalon.core.main.TestCaseMain.startTestSuite(TestCaseMain.java:157)
	at com.kms.katalon.core.main.TestCaseMain$startTestSuite$0.call(Unknown Source)
	at TempTestSuite1581071026566.run(TempTestSuite1581071026566.groovy:36)
)

2020-02-07 12:25:10 - [TEST_STEP][PASSED] - else: null

2020-02-07 12:25:10 - [TEST_STEP][PASSED] - break: null

2020-02-07 12:25:10 - [TEST_STEP][FAILED] - if (verifyElementPresent(findTestObject("Object Repository/Add video in placeholers/From recorder/2ndPageAddingScenes"), 1) == true): com.kms.katalon.core.webui.exception.WebElementNotFoundException: Web element with id: 'Object Repository/Add video in placeholers/From recorder/2ndPageAddingScenes' located by 'By.xpath: //*[@id="scene-pagination-container"]/li[4]/a' not found (Root cause: com.kms.katalon.core.exception.StepFailedException: com.kms.katalon.core.webui.exception.WebElementNotFoundException: Web element with id: 'Object Repository/Add video in placeholers/From recorder/2ndPageAddingScenes' located by 'By.xpath: //*[@id="scene-pagination-container"]/li[4]/a' not found
	at com.kms.katalon.core.webui.keyword.internal.WebUIKeywordMain.stepFailed(WebUIKeywordMain.groovy:64)
	at com.kms.katalon.core.webui.keyword.builtin.VerifyElementPresentKeyword$_verifyElementPresent_closure1.doCall(VerifyElementPresentKeyword.groovy:85)
	at com.kms.katalon.core.webui.keyword.builtin.VerifyElementPresentKeyword$_verifyElementPresent_closure1.call(VerifyElementPresentKeyword.groovy)
	at com.kms.katalon.core.webui.keyword.internal.WebUIKeywordMain.runKeyword(WebUIKeywordMain.groovy:20)
	at com.kms.katalon.core.webui.keyword.builtin.VerifyElementPresentKeyword.verifyElementPresent(VerifyElementPresentKeyword.groovy:92)
	at com.kms.katalon.core.webui.keyword.builtin.VerifyElementPresentKeyword.execute(VerifyElementPresentKeyword.groovy:68)
	at com.kms.katalon.core.keyword.internal.KeywordExecutor.executeKeywordForPlatform(KeywordExecutor.groovy:72)
	at com.kms.katalon.core.webui.keyword.WebUiBuiltInKeywords.verifyElementPresent(WebUiBuiltInKeywords.groovy:1434)
	at com.kms.katalon.core.webui.keyword.WebUiBuiltInKeywords$verifyElementPresent$6.call(Unknown Source)
	at Scenes adding (30 scenes) cycles.run(Scenes adding (30 scenes) cycles:48)
	at com.kms.katalon.core.main.ScriptEngine.run(ScriptEngine.java:194)
	at com.kms.katalon.core.main.ScriptEngine.runScriptAsRawText(ScriptEngine.java:119)
	at com.kms.katalon.core.main.TestCaseExecutor.runScript(TestCaseExecutor.java:337)
	at com.kms.katalon.core.main.TestCaseExecutor.doExecute(TestCaseExecutor.java:328)
	at com.kms.katalon.core.main.TestCaseExecutor.processExecutionPhase(TestCaseExecutor.java:307)
	at com.kms.katalon.core.main.TestCaseExecutor.accessMainPhase(TestCaseExecutor.java:299)
	at com.kms.katalon.core.main.TestCaseExecutor.execute(TestCaseExecutor.java:233)
	at com.kms.katalon.core.main.TestSuiteExecutor.accessTestCaseMainPhase(TestSuiteExecutor.java:169)
	at com.kms.katalon.core.main.TestSuiteExecutor.accessTestSuiteMainPhase(TestSuiteExecutor.java:142)
	at com.kms.katalon.core.main.TestSuiteExecutor.execute(TestSuiteExecutor.java:91)
	at com.kms.katalon.core.main.TestCaseMain.startTestSuite(TestCaseMain.java:157)
	at com.kms.katalon.core.main.TestCaseMain$startTestSuite$0.call(Unknown Source)
	at TempTestSuite1581071026566.run(TempTestSuite1581071026566.groovy:36)
)

2020-02-07 12:25:11 - [MESSAGE][INFO] - Unable to find the element located by 'By.xpath: //*[@id="scene-pagination-container"]/li[4]/a'. Please recheck the objects properties to make sure the desired element is located. 

2020-02-07 12:25:11 - [MESSAGE][FAILED] - com.kms.katalon.core.webui.exception.WebElementNotFoundException: Web element with id: 'Object Repository/Add video in placeholers/From recorder/2ndPageAddingScenes' located by 'By.xpath: //*[@id="scene-pagination-container"]/li[4]/a' not found (Root cause: com.kms.katalon.core.exception.StepFailedException: com.kms.katalon.core.webui.exception.WebElementNotFoundException: Web element with id: 'Object Repository/Add video in placeholers/From recorder/2ndPageAddingScenes' located by 'By.xpath: //*[@id="scene-pagination-container"]/li[4]/a' not found
	at com.kms.katalon.core.webui.keyword.internal.WebUIKeywordMain.stepFailed(WebUIKeywordMain.groovy:64)
	at com.kms.katalon.core.webui.keyword.builtin.VerifyElementPresentKeyword$_verifyElementPresent_closure1.doCall(VerifyElementPresentKeyword.groovy:85)
	at com.kms.katalon.core.webui.keyword.builtin.VerifyElementPresentKeyword$_verifyElementPresent_closure1.call(VerifyElementPresentKeyword.groovy)
	at com.kms.katalon.core.webui.keyword.internal.WebUIKeywordMain.runKeyword(WebUIKeywordMain.groovy:20)
	at com.kms.katalon.core.webui.keyword.builtin.VerifyElementPresentKeyword.verifyElementPresent(VerifyElementPresentKeyword.groovy:92)
	at com.kms.katalon.core.webui.keyword.builtin.VerifyElementPresentKeyword.execute(VerifyElementPresentKeyword.groovy:68)
	at com.kms.katalon.core.keyword.internal.KeywordExecutor.executeKeywordForPlatform(KeywordExecutor.groovy:72)
	at com.kms.katalon.core.webui.keyword.WebUiBuiltInKeywords.verifyElementPresent(WebUiBuiltInKeywords.groovy:1434)
	at com.kms.katalon.core.webui.keyword.WebUiBuiltInKeywords$verifyElementPresent$6.call(Unknown Source)
	at Scenes adding (30 scenes) cycles.run(Scenes adding (30 scenes) cycles:48)
	at com.kms.katalon.core.main.ScriptEngine.run(ScriptEngine.java:194)
	at com.kms.katalon.core.main.ScriptEngine.runScriptAsRawText(ScriptEngine.java:119)
	at com.kms.katalon.core.main.TestCaseExecutor.runScript(TestCaseExecutor.java:337)
	at com.kms.katalon.core.main.TestCaseExecutor.doExecute(TestCaseExecutor.java:328)
	at com.kms.katalon.core.main.TestCaseExecutor.processExecutionPhase(TestCaseExecutor.java:307)
	at com.kms.katalon.core.main.TestCaseExecutor.accessMainPhase(TestCaseExecutor.java:299)
	at com.kms.katalon.core.main.TestCaseExecutor.execute(TestCaseExecutor.java:233)
	at com.kms.katalon.core.main.TestSuiteExecutor.accessTestCaseMainPhase(TestSuiteExecutor.java:169)
	at com.kms.katalon.core.main.TestSuiteExecutor.accessTestSuiteMainPhase(TestSuiteExecutor.java:142)
	at com.kms.katalon.core.main.TestSuiteExecutor.execute(TestSuiteExecutor.java:91)
	at com.kms.katalon.core.main.TestCaseMain.startTestSuite(TestCaseMain.java:157)
	at com.kms.katalon.core.main.TestCaseMain$startTestSuite$0.call(Unknown Source)
	at TempTestSuite1581071026566.run(TempTestSuite1581071026566.groovy:36)
)

2020-02-07 12:25:11 - [TEST_STEP][PASSED] - delay(3): Delayed 3 second(s)

2020-02-07 12:25:14 - [MESSAGE][PASSED] - Delayed 3 second(s)

2020-02-07 12:25:14 - [TEST_STEP][PASSED] - click(findTestObject("Add video in placeholers/From recorder/img_1_close_adding_scenes")): Object: 'Object Repository/Add video in placeholers/From recorder/img_1_close_adding_scenes' is clicked on

2020-02-07 12:25:14 - [MESSAGE][PASSED] - Object: 'Object Repository/Add video in placeholers/From recorder/img_1_close_adding_scenes' is clicked on

2020-02-07 12:25:14 - [TEST_STEP][PASSED] - doubleClick(findTestObject("Add video in placeholers/Video_img repository (videos, imgs and buttons)/Editor_Scene_1")): Object: 'Object Repository/Add video in placeholers/Video_img repository (videos, imgs and buttons)/Editor_Scene_1' is double clicked on

2020-02-07 12:25:15 - [MESSAGE][PASSED] - Object: 'Object Repository/Add video in placeholers/Video_img repository (videos, imgs and buttons)/Editor_Scene_1' is double clicked on]]></system-out>
         <system-err><![CDATA[2020-02-07 12:24:31 - [TEST_CASE][FAILED] - Test Cases/Scenes adding (30 scenes) cycles: Test Cases/Scenes adding (30 scenes) cycles FAILED.
Reason:
com.kms.katalon.core.exception.StepFailedException: Object 'Object Repository/Add video in placeholers/From recorder/Scenes_adding/div_Scene 10' is not present (Root cause: com.kms.katalon.core.exception.StepFailedException: Object 'Object Repository/Add video in placeholers/From recorder/Scenes_adding/div_Scene 10' is not present
	at com.kms.katalon.core.webui.keyword.internal.WebUIKeywordMain.stepFailed(WebUIKeywordMain.groovy:64)
	at com.kms.katalon.core.webui.keyword.builtin.VerifyElementVisibleInViewportKeyword$_verifyElementVisibleInViewport_closure1.doCall(VerifyElementVisibleInViewportKeyword.groovy:83)
	at com.kms.katalon.core.webui.keyword.builtin.VerifyElementVisibleInViewportKeyword$_verifyElementVisibleInViewport_closure1.call(VerifyElementVisibleInViewportKeyword.groovy)
	at com.kms.katalon.core.webui.keyword.internal.WebUIKeywordMain.runKeyword(WebUIKeywordMain.groovy:20)
	at com.kms.katalon.core.webui.keyword.builtin.VerifyElementVisibleInViewportKeyword.verifyElementVisibleInViewport(VerifyElementVisibleInViewportKeyword.groovy:86)
	at com.kms.katalon.core.webui.keyword.builtin.VerifyElementVisibleInViewportKeyword.execute(VerifyElementVisibleInViewportKeyword.groovy:68)
	at com.kms.katalon.core.keyword.internal.KeywordExecutor.executeKeywordForPlatform(KeywordExecutor.groovy:72)
	at com.kms.katalon.core.webui.keyword.WebUiBuiltInKeywords.verifyElementVisibleInViewport(WebUiBuiltInKeywords.groovy:2992)
	at com.kms.katalon.core.webui.keyword.WebUiBuiltInKeywords.verifyElementVisibleInViewport(WebUiBuiltInKeywords.groovy:3008)
	at com.kms.katalon.core.webui.keyword.WebUiBuiltInKeywords$verifyElementVisibleInViewport$8.call(Unknown Source)
	at Scenes adding (30 scenes) cycles.run(Scenes adding (30 scenes) cycles:33)
	at com.kms.katalon.core.main.ScriptEngine.run(ScriptEngine.java:194)
	at com.kms.katalon.core.main.ScriptEngine.runScriptAsRawText(ScriptEngine.java:119)
	at com.kms.katalon.core.main.TestCaseExecutor.runScript(TestCaseExecutor.java:337)
	at com.kms.katalon.core.main.TestCaseExecutor.doExecute(TestCaseExecutor.java:328)
	at com.kms.katalon.core.main.TestCaseExecutor.processExecutionPhase(TestCaseExecutor.java:307)
	at com.kms.katalon.core.main.TestCaseExecutor.accessMainPhase(TestCaseExecutor.java:299)
	at com.kms.katalon.core.main.TestCaseExecutor.execute(TestCaseExecutor.java:233)
	at com.kms.katalon.core.main.TestSuiteExecutor.accessTestCaseMainPhase(TestSuiteExecutor.java:169)
	at com.kms.katalon.core.main.TestSuiteExecutor.accessTestSuiteMainPhase(TestSuiteExecutor.java:142)
	at com.kms.katalon.core.main.TestSuiteExecutor.execute(TestSuiteExecutor.java:91)
	at com.kms.katalon.core.main.TestCaseMain.startTestSuite(TestCaseMain.java:157)
	at com.kms.katalon.core.main.TestCaseMain$startTestSuite$0.call(Unknown Source)
	at TempTestSuite1581071026566.run(TempTestSuite1581071026566.groovy:36)
)
	at com.kms.katalon.core.keyword.internal.KeywordMain.stepFailed(KeywordMain.groovy:39)
	at com.kms.katalon.core.webui.keyword.internal.WebUIKeywordMain.stepFailed(WebUIKeywordMain.groovy:64)
	at com.kms.katalon.core.webui.keyword.builtin.VerifyElementVisibleInViewportKeyword$_verifyElementVisibleInViewport_closure1.doCall(VerifyElementVisibleInViewportKeyword.groovy:83)
	at com.kms.katalon.core.webui.keyword.builtin.VerifyElementVisibleInViewportKeyword$_verifyElementVisibleInViewport_closure1.call(VerifyElementVisibleInViewportKeyword.groovy)
	at com.kms.katalon.core.webui.keyword.internal.WebUIKeywordMain.runKeyword(WebUIKeywordMain.groovy:20)
	at com.kms.katalon.core.webui.keyword.builtin.VerifyElementVisibleInViewportKeyword.verifyElementVisibleInViewport(VerifyElementVisibleInViewportKeyword.groovy:86)
	at com.kms.katalon.core.webui.keyword.builtin.VerifyElementVisibleInViewportKeyword.execute(VerifyElementVisibleInViewportKeyword.groovy:68)
	at com.kms.katalon.core.keyword.internal.KeywordExecutor.executeKeywordForPlatform(KeywordExecutor.groovy:72)
	at com.kms.katalon.core.webui.keyword.WebUiBuiltInKeywords.verifyElementVisibleInViewport(WebUiBuiltInKeywords.groovy:2992)
	at com.kms.katalon.core.webui.keyword.WebUiBuiltInKeywords.verifyElementVisibleInViewport(WebUiBuiltInKeywords.groovy:3008)
	at com.kms.katalon.core.webui.keyword.WebUiBuiltInKeywords$verifyElementVisibleInViewport$8.call(Unknown Source)
	at Scenes adding (30 scenes) cycles.run(Scenes adding (30 scenes) cycles:33)
	at com.kms.katalon.core.main.ScriptEngine.run(ScriptEngine.java:194)
	at com.kms.katalon.core.main.ScriptEngine.runScriptAsRawText(ScriptEngine.java:119)
	at com.kms.katalon.core.main.TestCaseExecutor.runScript(TestCaseExecutor.java:337)
	at com.kms.katalon.core.main.TestCaseExecutor.doExecute(TestCaseExecutor.java:328)
	at com.kms.katalon.core.main.TestCaseExecutor.processExecutionPhase(TestCaseExecutor.java:307)
	at com.kms.katalon.core.main.TestCaseExecutor.accessMainPhase(TestCaseExecutor.java:299)
	at com.kms.katalon.core.main.TestCaseExecutor.execute(TestCaseExecutor.java:233)
	at com.kms.katalon.core.main.TestSuiteExecutor.accessTestCaseMainPhase(TestSuiteExecutor.java:169)
	at com.kms.katalon.core.main.TestSuiteExecutor.accessTestSuiteMainPhase(TestSuiteExecutor.java:142)
	at com.kms.katalon.core.main.TestSuiteExecutor.execute(TestSuiteExecutor.java:91)
	at com.kms.katalon.core.main.TestCaseMain.startTestSuite(TestCaseMain.java:157)
	at com.kms.katalon.core.main.TestCaseMain$startTestSuite$0.call(Unknown Source)
	at TempTestSuite1581071026566.run(TempTestSuite1581071026566.groovy:36)
Caused by: com.kms.katalon.core.exception.StepFailedException: Object 'Object Repository/Add video in placeholers/From recorder/Scenes_adding/div_Scene 10' is not present
	... 24 more]]></system-err>
      </testcase>
      <testcase name="Test Cases/Project names/Project name writting (max)" time="2.337" classname="Test Cases/Project names/Project name writting (max)" status="PASSED">
         <system-out><![CDATA[2020-02-07 12:25:15 - [TEST_CASE][PASSED] - Test Cases/Project names/Project name writting (max): Test Cases/Project names/Project name writting (max)

2020-02-07 12:25:16 - [TEST_STEP][PASSED] - click(findTestObject("Object Repository/Page_Reevio Video Maker/Editor/videoTitle/img_Continue_add-title")): Object: 'Object Repository/Page_Reevio Video Maker/Editor/videoTitle/img_Continue_add-title' is clicked on

2020-02-07 12:25:16 - [MESSAGE][PASSED] - Object: 'Object Repository/Page_Reevio Video Maker/Editor/videoTitle/img_Continue_add-title' is clicked on

2020-02-07 12:25:16 - [TEST_STEP][PASSED] - verifyElementPresent(findTestObject("Page_Reevio Video Maker/Editor/videoTitle/input_videoTitle"), 7, CONTINUE_ON_FAILURE): Object 'Object Repository/Page_Reevio Video Maker/Editor/videoTitle/input_videoTitle' is present

2020-02-07 12:25:16 - [MESSAGE][PASSED] - Object 'Object Repository/Page_Reevio Video Maker/Editor/videoTitle/input_videoTitle' is present

2020-02-07 12:25:16 - [TEST_STEP][PASSED] - attribute = getAttribute(findTestObject("Page_Reevio Video Maker/Editor/videoTitle/input_videoTitle"), "value"): Attribute 'value' of object 'Object Repository/Page_Reevio Video Maker/Editor/videoTitle/input_videoTitle' is: 'Polaroid travel promo'

2020-02-07 12:25:16 - [MESSAGE][PASSED] - Attribute 'value' of object 'Object Repository/Page_Reevio Video Maker/Editor/videoTitle/input_videoTitle' is: 'Polaroid travel promo'

2020-02-07 12:25:16 - [TEST_STEP][PASSED] - clearText(findTestObject("Page_Reevio Video Maker/Editor/videoTitle/input_videoTitle")): Text of object 'Object Repository/Page_Reevio Video Maker/Editor/videoTitle/input_videoTitle' is cleared

2020-02-07 12:25:16 - [MESSAGE][PASSED] - Text of object 'Object Repository/Page_Reevio Video Maker/Editor/videoTitle/input_videoTitle' is cleared

[...]
	at com.kms.katalon.core.keyword.internal.KeywordExecutor.executeKeywordForPlatform(KeywordExecutor.groovy:72)
	at com.kms.katalon.core.webui.keyword.WebUiBuiltInKeywords.verifyElementPresent(WebUiBuiltInKeywords.groovy:1434)
	at com.kms.katalon.core.webui.keyword.WebUiBuiltInKeywords$verifyElementPresent$6.call(Unknown Source)
	at Adding photo in placeholders (double cycle) Architecture.run(Adding photo in placeholders (double cycle) Architecture:22)
	at com.kms.katalon.core.main.ScriptEngine.run(ScriptEngine.java:194)
	at com.kms.katalon.core.main.ScriptEngine.runScriptAsRawText(ScriptEngine.java:119)
	at com.kms.katalon.core.main.TestCaseExecutor.runScript(TestCaseExecutor.java:337)
	at com.kms.katalon.core.main.TestCaseExecutor.doExecute(TestCaseExecutor.java:328)
	at com.kms.katalon.core.main.TestCaseExecutor.processExecutionPhase(TestCaseExecutor.java:307)
	at com.kms.katalon.core.main.TestCaseExecutor.accessMainPhase(TestCaseExecutor.java:299)
	at com.kms.katalon.core.main.TestCaseExecutor.execute(TestCaseExecutor.java:233)
	at com.kms.katalon.core.main.TestSuiteExecutor.accessTestCaseMainPhase(TestSuiteExecutor.java:169)
	at com.kms.katalon.core.main.TestSuiteExecutor.accessTestSuiteMainPhase(TestSuiteExecutor.java:142)
	at com.kms.katalon.core.main.TestSuiteExecutor.execute(TestSuiteExecutor.java:91)
	at com.kms.katalon.core.main.TestCaseMain.startTestSuite(TestCaseMain.java:157)
	at com.kms.katalon.core.main.TestCaseMain$startTestSuite$0.call(Unknown Source)
	at TempTestSuite1581071026566.run(TempTestSuite1581071026566.groovy:36)
)

2020-02-07 12:30:31 - [TEST_STEP][PASSED] - else: null

2020-02-07 12:30:31 - [TEST_STEP][PASSED] - break: null]]></system-out>
         <system-err><![CDATA[2020-02-07 12:28:48 - [TEST_CASE][FAILED] - Test Cases/Images adding/Adding photo in placeholders (double cycle) Architecture: Test Cases/Images adding/Adding photo in placeholders (double cycle) Architecture FAILED.
Reason:
com.kms.katalon.core.exception.StepFailedException: Object 'Object Repository/Add video in placeholers/Placeholders/div_Add media here_1' is not present (Root cause: com.kms.katalon.core.exception.StepFailedException: Object 'Object Repository/Add video in placeholers/Placeholders/div_Add media here_1' is not present
	at com.kms.katalon.core.webui.keyword.internal.WebUIKeywordMain.stepFailed(WebUIKeywordMain.groovy:64)
	at com.kms.katalon.core.webui.keyword.builtin.VerifyElementVisibleInViewportKeyword$_verifyElementVisibleInViewport_closure1.doCall(VerifyElementVisibleInViewportKeyword.groovy:83)
	at com.kms.katalon.core.webui.keyword.builtin.VerifyElementVisibleInViewportKeyword$_verifyElementVisibleInViewport_closure1.call(VerifyElementVisibleInViewportKeyword.groovy)
	at com.kms.katalon.core.webui.keyword.internal.WebUIKeywordMain.runKeyword(WebUIKeywordMain.groovy:20)
	at com.kms.katalon.core.webui.keyword.builtin.VerifyElementVisibleInViewportKeyword.verifyElementVisibleInViewport(VerifyElementVisibleInViewportKeyword.groovy:86)
	at com.kms.katalon.core.webui.keyword.builtin.VerifyElementVisibleInViewportKeyword.execute(VerifyElementVisibleInViewportKeyword.groovy:68)
	at com.kms.katalon.core.keyword.internal.KeywordExecutor.executeKeywordForPlatform(KeywordExecutor.groovy:72)
	at com.kms.katalon.core.webui.keyword.WebUiBuiltInKeywords.verifyElementInViewport(WebUiBuiltInKeywords.groovy:3039)
	at com.kms.katalon.core.webui.keyword.WebUiBuiltInKeywords$verifyElementInViewport$14.call(Unknown Source)
	at Adding photo in placeholders (double cycle) Architecture.run(Adding photo in placeholders (double cycle) Architecture:26)
	at com.kms.katalon.core.main.ScriptEngine.run(ScriptEngine.java:194)
	at com.kms.katalon.core.main.ScriptEngine.runScriptAsRawText(ScriptEngine.java:119)
	at com.kms.katalon.core.main.TestCaseExecutor.runScript(TestCaseExecutor.java:337)
	at com.kms.katalon.core.main.TestCaseExecutor.doExecute(TestCaseExecutor.java:328)
	at com.kms.katalon.core.main.TestCaseExecutor.processExecutionPhase(TestCaseExecutor.java:307)
	at com.kms.katalon.core.main.TestCaseExecutor.accessMainPhase(TestCaseExecutor.java:299)
	at com.kms.katalon.core.main.TestCaseExecutor.execute(TestCaseExecutor.java:233)
	at com.kms.katalon.core.main.TestSuiteExecutor.accessTestCaseMainPhase(TestSuiteExecutor.java:169)
	at com.kms.katalon.core.main.TestSuiteExecutor.accessTestSuiteMainPhase(TestSuiteExecutor.java:142)
	at com.kms.katalon.core.main.TestSuiteExecutor.execute(TestSuiteExecutor.java:91)
	at com.kms.katalon.core.main.TestCaseMain.startTestSuite(TestCaseMain.java:157)
	at com.kms.katalon.core.main.TestCaseMain$startTestSuite$0.call(Unknown Source)
	at TempTestSuite1581071026566.run(TempTestSuite1581071026566.groovy:36)
)
	at com.kms.katalon.core.keyword.internal.KeywordMain.stepFailed(KeywordMain.groovy:39)
	at com.kms.katalon.core.webui.keyword.internal.WebUIKeywordMain.stepFailed(WebUIKeywordMain.groovy:64)
	at com.kms.katalon.core.webui.keyword.builtin.VerifyElementVisibleInViewportKeyword$_verifyElementVisibleInViewport_closure1.doCall(VerifyElementVisibleInViewportKeyword.groovy:83)
	at com.kms.katalon.core.webui.keyword.builtin.VerifyElementVisibleInViewportKeyword$_verifyElementVisibleInViewport_closure1.call(VerifyElementVisibleInViewportKeyword.groovy)
	at com.kms.katalon.core.webui.keyword.internal.WebUIKeywordMain.runKeyword(WebUIKeywordMain.groovy:20)
	at com.kms.katalon.core.webui.keyword.builtin.VerifyElementVisibleInViewportKeyword.verifyElementVisibleInViewport(VerifyElementVisibleInViewportKeyword.groovy:86)
	at com.kms.katalon.core.webui.keyword.builtin.VerifyElementVisibleInViewportKeyword.execute(VerifyElementVisibleInViewportKeyword.groovy:68)
	at com.kms.katalon.core.keyword.internal.KeywordExecutor.executeKeywordForPlatform(KeywordExecutor.groovy:72)
	at com.kms.katalon.core.webui.keyword.WebUiBuiltInKeywords.verifyElementInViewport(WebUiBuiltInKeywords.groovy:3039)
	at com.kms.katalon.core.webui.keyword.WebUiBuiltInKeywords$verifyElementInViewport$14.call(Unknown Source)
	at Adding photo in placeholders (double cycle) Architecture.run(Adding photo in placeholders (double cycle) Architecture:26)
	at com.kms.katalon.core.main.ScriptEngine.run(ScriptEngine.java:194)
	at com.kms.katalon.core.main.ScriptEngine.runScriptAsRawText(ScriptEngine.java:119)
	at com.kms.katalon.core.main.TestCaseExecutor.runScript(TestCaseExecutor.java:337)
	at com.kms.katalon.core.main.TestCaseExecutor.doExecute(TestCaseExecutor.java:328)
	at com.kms.katalon.core.main.TestCaseExecutor.processExecutionPhase(TestCaseExecutor.java:307)
	at com.kms.katalon.core.main.TestCaseExecutor.accessMainPhase(TestCaseExecutor.java:299)
	at com.kms.katalon.core.main.TestCaseExecutor.execute(TestCaseExecutor.java:233)
	at com.kms.katalon.core.main.TestSuiteExecutor.accessTestCaseMainPhase(TestSuiteExecutor.java:169)
	at com.kms.katalon.core.main.TestSuiteExecutor.accessTestSuiteMainPhase(TestSuiteExecutor.java:142)
	at com.kms.katalon.core.main.TestSuiteExecutor.execute(TestSuiteExecutor.java:91)
	at com.kms.katalon.core.main.TestCaseMain.startTestSuite(TestCaseMain.java:157)
	at com.kms.katalon.core.main.TestCaseMain$startTestSuite$0.call(Unknown Source)
	at TempTestSuite1581071026566.run(TempTestSuite1581071026566.groovy:36)
Caused by: com.kms.katalon.core.exception.StepFailedException: Object 'Object Repository/Add video in placeholers/Placeholders/div_Add media here_1' is not present
	... 23 more]]></system-err>
      </testcase>
      <testcase name="Test Cases/clickSavebtn" time="1.23" classname="Test Cases/clickSavebtn" status="PASSED">
         <system-out><![CDATA[2020-02-07 12:30:31 - [TEST_CASE][PASSED] - Test Cases/clickSavebtn: Test Cases/clickSavebtn

2020-02-07 12:30:31 - [TEST_STEP][PASSED] - Savebtn = new com.kms.katalon.core.testobject.TestObject(data-target): null

2020-02-07 12:30:31 - [TEST_STEP][PASSED] - Savebtn.addProperty("xpath", EQUALS, "//button[@data-target = "#save-changes"]", true): null

2020-02-07 12:30:31 - [TEST_STEP][PASSED] - click(Savebtn): Object: 'data-target' is clicked on

2020-02-07 12:30:31 - [MESSAGE][PASSED] - Object: 'data-target' is clicked on

2020-02-07 12:30:31 - [TEST_STEP][PASSED] - delay(1): Delayed 1 second(s)

2020-02-07 12:30:32 - [MESSAGE][PASSED] - Delayed 1 second(s)]]></system-out>
         <system-err><![CDATA[]]></system-err>
      </testcase>
      <system-out><![CDATA[2020-02-07 12:23:54 - [TEST_SUITE][FAILED] - Max (Reevio) 2: Test Cases/Deleting 1st scene FAILED.
Reason:
com.kms.katalon.core.exception.StepFailedException: com.kms.katalon.core.webui.exception.WebElementNotFoundException: Web element with id: 'Object Repository/Add video in placeholers/Video_img repository (videos, imgs and buttons)/Editor_Scene_1' located by 'By.xpath: //*[@id="bottom-slider-id"]/div[1]/figure' not found (Root cause: com.kms.katalon.core.exception.StepFailedException: com.kms.katalon.core.webui.exception.WebElementNotFoundException: Web element with id: 'Object Repository/Add video in placeholers/Video_img repository (videos, imgs and buttons)/Editor_Scene_1' located by 'By.xpath: //*[@id="bottom-slider-id"]/div[1]/figure' not found
	at com.kms.katalon.core.webui.keyword.internal.WebUIKeywordMain.stepFailed(WebUIKeywordMain.groovy:64)
	at com.kms.katalon.core.webui.keyword.builtin.VerifyElementPresentKeyword$_verifyElementPresent_closure1.doCall(VerifyElementPresentKeyword.groovy:85)
	at com.kms.katalon.core.webui.keyword.builtin.VerifyElementPresentKeyword$_verifyElementPresent_closure1.call(VerifyElementPresentKeyword.groovy)
	at com.kms.katalon.core.webui.keyword.internal.WebUIKeywordMain.runKeyword(WebUIKeywordMain.groovy:20)
	at com.kms.katalon.core.webui.keyword.builtin.VerifyElementPresentKeyword.verifyElementPresent(VerifyElementPresentKeyword.groovy:92)
	at com.kms.katalon.core.webui.keyword.builtin.VerifyElementPresentKeyword.execute(VerifyElementPresentKeyword.groovy:68)
	at com.kms.katalon.core.keyword.internal.KeywordExecutor.executeKeywordForPlatform(KeywordExecutor.groovy:72)
	at com.kms.katalon.core.webui.keyword.WebUiBuiltInKeywords.verifyElementPresent(WebUiBuiltInKeywords.groovy:1434)
	at com.kms.katalon.core.webui.keyword.WebUiBuiltInKeywords$verifyElementPresent$6.call(Unknown Source)
	at Deleting 1st scene.run(Deleting 1st scene:32)
	at com.kms.katalon.core.main.ScriptEngine.run(ScriptEngine.java:194)
	at com.kms.katalon.core.main.ScriptEngine.runScriptAsRawText(ScriptEngine.java:119)
	at com.kms.katalon.core.main.TestCaseExecutor.runScript(TestCaseExecutor.java:337)
	at com.kms.katalon.core.main.TestCaseExecutor.doExecute(TestCaseExecutor.java:328)
	at com.kms.katalon.core.main.TestCaseExecutor.processExecutionPhase(TestCaseExecutor.java:307)
	at com.kms.katalon.core.main.TestCaseExecutor.accessMainPhase(TestCaseExecutor.java:299)
	at com.kms.katalon.core.main.TestCaseExecutor.execute(TestCaseExecutor.java:233)
	at com.kms.katalon.core.main.TestSuiteExecutor.accessTestCaseMainPhase(TestSuiteExecutor.java:169)
	at com.kms.katalon.core.main.TestSuiteExecutor.accessTestSuiteMainPhase(TestSuiteExecutor.java:142)
	at com.kms.katalon.core.main.TestSuiteExecutor.execute(TestSuiteExecutor.java:91)
	at com.kms.katalon.core.main.TestCaseMain.startTestSuite(TestCaseMain.java:157)
	at com.kms.katalon.core.main.TestCaseMain$startTestSuite$0.call(Unknown Source)
	at TempTestSuite1581071026566.run(TempTestSuite1581071026566.groovy:36)
)
	at com.kms.katalon.core.keyword.internal.KeywordMain.stepFailed(KeywordMain.groovy:39)
	at com.kms.katalon.core.webui.keyword.internal.WebUIKeywordMain.stepFailed(WebUIKeywordMain.groovy:64)
	at com.kms.katalon.core.webui.keyword.builtin.VerifyElementPresentKeyword$_verifyElementPresent_closure1.doCall(VerifyElementPresentKeyword.groovy:85)
	at com.kms.katalon.core.webui.keyword.builtin.VerifyElementPresentKeyword$_verifyElementPresent_closure1.call(VerifyElementPresentKeyword.groovy)
	at com.kms.katalon.core.webui.keyword.internal.WebUIKeywordMain.runKeyword(WebUIKeywordMain.groovy:20)
	at com.kms.katalon.core.webui.keyword.builtin.VerifyElementPresentKeyword.verifyElementPresent(VerifyElementPresentKeyword.groovy:92)
	at com.kms.katalon.core.webui.keyword.builtin.VerifyElementPresentKeyword.execute(VerifyElementPresentKeyword.groovy:68)
	at com.kms.katalon.core.keyword.internal.KeywordExecutor.executeKeywordForPlatform(KeywordExecutor.groovy:72)
	at com.kms.katalon.core.webui.keyword.WebUiBuiltInKeywords.verifyElementPresent(WebUiBuiltInKeywords.groovy:1434)
	at com.kms.katalon.core.webui.keyword.WebUiBuiltInKeywords$verifyElementPresent$6.call(Unknown Source)
	at Deleting 1st scene.run(Deleting 1st scene:32)
	at com.kms.katalon.core.main.ScriptEngine.run(ScriptEngine.java:194)
	at com.kms.katalon.core.main.ScriptEngine.runScriptAsRawText(ScriptEngine.java:119)
	at com.kms.katalon.core.main.TestCaseExecutor.runScript(TestCaseExecutor.java:337)
	at com.kms.katalon.core.main.TestCaseExecutor.doExecute(TestCaseExecutor.java:328)
	at com.kms.katalon.core.main.TestCaseExecutor.processExecutionPhase(TestCaseExecutor.java:307)
	at com.kms.katalon.core.main.TestCaseExecutor.accessMainPhase(TestCaseExecutor.java:299)
	at com.kms.katalon.core.main.TestCaseExecutor.execute(TestCaseExecutor.java:233)
	at com.kms.katalon.core.main.TestSuiteExecutor.accessTestCaseMainPhase(TestSuiteExecutor.java:169)
	at com.kms.katalon.core.main.TestSuiteExecutor.accessTestSuiteMainPhase(TestSuiteExecutor.java:142)
	at com.kms.katalon.core.main.TestSuiteExecutor.execute(TestSuiteExecutor.java:91)
	at com.kms.katalon.core.main.TestCaseMain.startTestSuite(TestCaseMain.java:157)
	at com.kms.katalon.core.main.TestCaseMain$startTestSuite$0.call(Unknown Source)
	at TempTestSuite1581071026566.run(TempTestSuite1581071026566.groovy:36)
Caused by: com.kms.katalon.core.exception.StepFailedException: com.kms.katalon.core.webui.exception.WebElementNotFoundException: Web element with id: 'Object Repository/Add video in placeholers/Video_img repository (videos, imgs and buttons)/Editor_Scene_1' located by 'By.xpath: //*[@id="bottom-slider-id"]/div[1]/figure' not found
	... 23 more]]></system-out>
      <system-err><![CDATA[2020-02-07 12:23:54 - [TEST_SUITE][FAILED] - Max (Reevio) 2: Test Cases/Deleting 1st scene FAILED.
Reason:
com.kms.katalon.core.exception.StepFailedException: com.kms.katalon.core.webui.exception.WebElementNotFoundException: Web element with id: 'Object Repository/Add video in placeholers/Video_img repository (videos, imgs and buttons)/Editor_Scene_1' located by 'By.xpath: //*[@id="bottom-slider-id"]/div[1]/figure' not found (Root cause: com.kms.katalon.core.exception.StepFailedException: com.kms.katalon.core.webui.exception.WebElementNotFoundException: Web element with id: 'Object Repository/Add video in placeholers/Video_img repository (videos, imgs and buttons)/Editor_Scene_1' located by 'By.xpath: //*[@id="bottom-slider-id"]/div[1]/figure' not found
	at com.kms.katalon.core.webui.keyword.internal.WebUIKeywordMain.stepFailed(WebUIKeywordMain.groovy:64)
	at com.kms.katalon.core.webui.keyword.builtin.VerifyElementPresentKeyword$_verifyElementPresent_closure1.doCall(VerifyElementPresentKeyword.groovy:85)
	at com.kms.katalon.core.webui.keyword.builtin.VerifyElementPresentKeyword$_verifyElementPresent_closure1.call(VerifyElementPresentKeyword.groovy)
	at com.kms.katalon.core.webui.keyword.internal.WebUIKeywordMain.runKeyword(WebUIKeywordMain.groovy:20)
	at com.kms.katalon.core.webui.keyword.builtin.VerifyElementPresentKeyword.verifyElementPresent(VerifyElementPresentKeyword.groovy:92)
	at com.kms.katalon.core.webui.keyword.builtin.VerifyElementPresentKeyword.execute(VerifyElementPresentKeyword.groovy:68)
	at com.kms.katalon.core.keyword.internal.KeywordExecutor.executeKeywordForPlatform(KeywordExecutor.groovy:72)
	at com.kms.katalon.core.webui.keyword.WebUiBuiltInKeywords.verifyElementPresent(WebUiBuiltInKeywords.groovy:1434)
	at com.kms.katalon.core.webui.keyword.WebUiBuiltInKeywords$verifyElementPresent$6.call(Unknown Source)
	at Deleting 1st scene.run(Deleting 1st scene:32)
	at com.kms.katalon.core.main.ScriptEngine.run(ScriptEngine.java:194)
	at com.kms.katalon.core.main.ScriptEngine.runScriptAsRawText(ScriptEngine.java:119)
	at com.kms.katalon.core.main.TestCaseExecutor.runScript(TestCaseExecutor.java:337)
	at com.kms.katalon.core.main.TestCaseExecutor.doExecute(TestCaseExecutor.java:328)
	at com.kms.katalon.core.main.TestCaseExecutor.processExecutionPhase(TestCaseExecutor.java:307)
	at com.kms.katalon.core.main.TestCaseExecutor.accessMainPhase(TestCaseExecutor.java:299)
	at com.kms.katalon.core.main.TestCaseExecutor.execute(TestCaseExecutor.java:233)
	at com.kms.katalon.core.main.TestSuiteExecutor.accessTestCaseMainPhase(TestSuiteExecutor.java:169)
	at com.kms.katalon.core.main.TestSuiteExecutor.accessTestSuiteMainPhase(TestSuiteExecutor.java:142)
	at com.kms.katalon.core.main.TestSuiteExecutor.execute(TestSuiteExecutor.java:91)
	at com.kms.katalon.core.main.TestCaseMain.startTestSuite(TestCaseMain.java:157)
	at com.kms.katalon.core.main.TestCaseMain$startTestSuite$0.call(Unknown Source)
	at TempTestSuite1581071026566.run(TempTestSuite1581071026566.groovy:36)
)
	at com.kms.katalon.core.keyword.internal.KeywordMain.stepFailed(KeywordMain.groovy:39)
	at com.kms.katalon.core.webui.keyword.internal.WebUIKeywordMain.stepFailed(WebUIKeywordMain.groovy:64)
	at com.kms.katalon.core.webui.keyword.builtin.VerifyElementPresentKeyword$_verifyElementPresent_closure1.doCall(VerifyElementPresentKeyword.groovy:85)
	at com.kms.katalon.core.webui.keyword.builtin.VerifyElementPresentKeyword$_verifyElementPresent_closure1.call(VerifyElementPresentKeyword.groovy)
	at com.kms.katalon.core.webui.keyword.internal.WebUIKeywordMain.runKeyword(WebUIKeywordMain.groovy:20)
	at com.kms.katalon.core.webui.keyword.builtin.VerifyElementPresentKeyword.verifyElementPresent(VerifyElementPresentKeyword.groovy:92)
	at com.kms.katalon.core.webui.keyword.builtin.VerifyElementPresentKeyword.execute(VerifyElementPresentKeyword.groovy:68)
	at com.kms.katalon.core.keyword.internal.KeywordExecutor.executeKeywordForPlatform(KeywordExecutor.groovy:72)
	at com.kms.katalon.core.webui.keyword.WebUiBuiltInKeywords.verifyElementPresent(WebUiBuiltInKeywords.groovy:1434)
	at com.kms.katalon.core.webui.keyword.WebUiBuiltInKeywords$verifyElementPresent$6.call(Unknown Source)
	at Deleting 1st scene.run(Deleting 1st scene:32)
	at com.kms.katalon.core.main.ScriptEngine.run(ScriptEngine.java:194)
	at com.kms.katalon.core.main.ScriptEngine.runScriptAsRawText(ScriptEngine.java:119)
	at com.kms.katalon.core.main.TestCaseExecutor.runScript(TestCaseExecutor.java:337)
	at com.kms.katalon.core.main.TestCaseExecutor.doExecute(TestCaseExecutor.java:328)
	at com.kms.katalon.core.main.TestCaseExecutor.processExecutionPhase(TestCaseExecutor.java:307)
	at com.kms.katalon.core.main.TestCaseExecutor.accessMainPhase(TestCaseExecutor.java:299)
	at com.kms.katalon.core.main.TestCaseExecutor.execute(TestCaseExecutor.java:233)
	at com.kms.katalon.core.main.TestSuiteExecutor.accessTestCaseMainPhase(TestSuiteExecutor.java:169)
	at com.kms.katalon.core.main.TestSuiteExecutor.accessTestSuiteMainPhase(TestSuiteExecutor.java:142)
	at com.kms.katalon.core.main.TestSuiteExecutor.execute(TestSuiteExecutor.java:91)
	at com.kms.katalon.core.main.TestCaseMain.startTestSuite(TestCaseMain.java:157)
	at com.kms.katalon.core.main.TestCaseMain$startTestSuite$0.call(Unknown Source)
	at TempTestSuite1581071026566.run(TempTestSuite1581071026566.groovy:36)
Caused by: com.kms.katalon.core.exception.StepFailedException: com.kms.katalon.core.webui.exception.WebElementNotFoundException: Web element with id: 'Object Repository/Add video in placeholers/Video_img repository (videos, imgs and buttons)/Editor_Scene_1' located by 'By.xpath: //*[@id="bottom-slider-id"]/div[1]/figure' not found
	... 23 more]]></system-err>
   </testsuite>
</testsuites>
